<?xml version="1.0" encoding="UTF-8"?>
<testsuite xmlns:xsi="http://www.w3.org/2001/XMLSchema-instance" xsi:noNamespaceSchemaLocation="https://maven.apache.org/surefire/maven-surefire-plugin/xsd/surefire-test-report.xsd" version="3.0.2" name="com.fact.user_service.UserServiceApplicationTests" time="3.354" tests="1" errors="0" skipped="0" failures="0">
  <properties>
[...]
</properties>
  <testcase name="contextLoads" classname="com.fact.user_service.UserServiceApplicationTests" time="0.358">
    <system-out><![CDATA[21:31:30.938 [main] INFO org.springframework.test.context.support.AnnotationConfigContextLoaderUtils -- Could not detect default configuration classes for test class [com.fact.user_service.UserServiceApplicationTests]: UserServiceApplicationTests does not declare any static, non-private, non-final, nested classes annotated with @Configuration.
21:31:31.008 [main] INFO org.springframework.boot.test.context.SpringBootTestContextBootstrapper -- Found @SpringBootConfiguration com.fact.user_service.UserServiceApplication for test class com.fact.user_service.UserServiceApplicationTests

  .   ____          _            __ _ _
 /\\ / ___'_ __ _ _(_)_ __  __ _ \ \ \ \
( ( )\___ | '_ | '_| | '_ \/ _` | \ \ \ \
 \\/  ___)| |_)| | | | | || (_| |  ) ) ) )
  '  |____| .__|_| |_|_| |_\__, | / / / /
 =========|_|==============|___/=/_/_/_/

 :: Spring Boot ::                (v3.4.2)

2025-01-25T21:31:31.303+01:00  INFO 312504 --- [appUser-service] [           main] c.f.u.UserServiceApplicationTests        : Starting UserServiceApplicationTests using Java 17.0.14 with PID 312504 (started by ahmed in /home/ahmed/Projects/wallet/user-service)
2025-01-25T21:31:31.304+01:00 DEBUG 312504 --- [appUser-service] [           main] c.f.u.UserServiceApplicationTests        : Running with Spring Boot v3.4.2, Spring v6.2.2
2025-01-25T21:31:31.305+01:00  INFO 312504 --- [appUser-service] [           main] c.f.u.UserServiceApplicationTests        : No active profile set, falling back to 1 default profile: "default"
2025-01-25T21:31:31.305+01:00 DEBUG 312504 --- [appUser-service] [           main] o.s.boot.SpringApplication               : Loading source class com.fact.user_service.UserServiceApplication
2025-01-25T21:31:31.325+01:00 DEBUG 312504 --- [appUser-service] [           main] o.s.w.c.s.GenericWebApplicationContext   : Refreshing org.springframework.web.context.support.GenericWebApplicationContext@2a551a63
2025-01-25T21:31:31.336+01:00 DEBUG 312504 --- [appUser-service] [           main] o.s.b.f.s.DefaultListableBeanFactory     : Creating shared instance of singleton bean 'org.springframework.context.annotation.internalConfigurationAnnotationProcessor'
2025-01-25T21:31:31.345+01:00 DEBUG 312504 --- [appUser-service] [           main] o.s.b.f.s.DefaultListableBeanFactory     : Creating shared instance of singleton bean 'org.springframework.boot.autoconfigure.internalCachingMetadataReaderFactory'
2025-01-25T21:31:31.372+01:00 DEBUG 312504 --- [appUser-service] [           main] o.s.c.a.ClassPathBeanDefinitionScanner   : Identified candidate component class: file [/home/ahmed/Projects/wallet/user-service/target/classes/com/fact/user_service/controller/UserController.class]
2025-01-25T21:31:31.376+01:00 DEBUG 312504 --- [appUser-service] [           main] o.s.c.a.ClassPathBeanDefinitionScanner   : Identified candidate component class: file [/home/ahmed/Projects/wallet/user-service/target/classes/com/fact/user_service/service/UserService.class]
2025-01-25T21:31:31.708+01:00  INFO 312504 --- [appUser-service] [           main] .s.d.r.c.RepositoryConfigurationDelegate : Multiple Spring Data modules found, entering strict repository configuration mode
2025-01-25T21:31:31.709+01:00  INFO 312504 --- [appUser-service] [           main] .s.d.r.c.RepositoryConfigurationDelegate : Bootstrapping Spring Data JDBC repositories in DEFAULT mode.
2025-01-25T21:31:31.712+01:00 DEBUG 312504 --- [appUser-service] [           main] o.s.b.f.s.DefaultListableBeanFactory     : Creating shared instance of singleton bean 'org.springframework.boot.autoconfigure.AutoConfigurationPackages'
2025-01-25T21:31:31.717+01:00 DEBUG 312504 --- [appUser-service] [           main] o.s.b.a.AutoConfigurationPackages        : @EnableAutoConfiguration was declared on a class in the package 'com.fact.user_service'. Automatic @Repository and @Entity scanning is enabled.
2025-01-25T21:31:31.718+01:00 DEBUG 312504 --- [appUser-service] [           main] .s.d.r.c.RepositoryConfigurationDelegate : Scanning for JDBC repositories in packages com.fact.user_service.
2025-01-25T21:31:31.725+01:00 DEBUG 312504 --- [appUser-service] [           main] o.s.d.r.c.RepositoryComponentProvider    : Identified candidate component class: file [/home/ahmed/Projects/wallet/user-service/target/classes/com/fact/user_service/repository/UserRepository.class]
2025-01-25T21:31:31.733+01:00  INFO 312504 --- [appUser-service] [           main] .RepositoryConfigurationExtensionSupport : Spring Data JDBC - Could not safely identify store assignment for repository candidate interface com.fact.user_service.repository.UserRepository; If you want this repository to be a JDBC repository, consider annotating your entities with one of these annotations: org.springframework.data.relational.core.mapping.Table.
2025-01-25T21:31:31.733+01:00  INFO 312504 --- [appUser-service] [           main] .s.d.r.c.RepositoryConfigurationDelegate : Finished Spring Data repository scanning in 14 ms. Found 0 JDBC repository interfaces.
2025-01-25T21:31:31.742+01:00  INFO 312504 --- [appUser-service] [           main] .s.d.r.c.RepositoryConfigurationDelegate : Multiple Spring Data modules found, entering strict repository configuration mode
2025-01-25T21:31:31.742+01:00  INFO 312504 --- [appUser-service] [           main] .s.d.r.c.RepositoryConfigurationDelegate : Bootstrapping Spring Data JPA repositories in DEFAULT mode.
2025-01-25T21:31:31.746+01:00 DEBUG 312504 --- [appUser-service] [           main] .s.d.r.c.RepositoryConfigurationDelegate : Scanning for JPA repositories in packages com.fact.user_service.
2025-01-25T21:31:31.749+01:00 DEBUG 312504 --- [appUser-service] [           main] o.s.d.r.c.RepositoryComponentProvider    : Identified candidate component class: file [/home/ahmed/Projects/wallet/user-service/target/classes/com/fact/user_service/repository/UserRepository.class]
2025-01-25T21:31:31.762+01:00  INFO 312504 --- [appUser-service] [           main] .s.d.r.c.RepositoryConfigurationDelegate : Finished Spring Data repository scanning in 15 ms. Found 1 JPA repository interface.
2025-01-25T21:31:31.872+01:00 DEBUG 312504 --- [appUser-service] [           main] o.s.b.f.s.DefaultListableBeanFactory     : Creating shared instance of singleton bean 'propertySourcesPlaceholderConfigurer'
2025-01-25T21:31:31.877+01:00 DEBUG 312504 --- [appUser-service] [           main] o.s.b.f.s.DefaultListableBeanFactory     : Creating shared instance of singleton bean 'org.springframework.boot.test.mock.mockito.MockitoPostProcessor'
2025-01-25T21:31:31.878+01:00 DEBUG 312504 --- [appUser-service] [           main] o.s.b.f.s.DefaultListableBeanFactory     : Creating shared instance of singleton bean 'org.springframework.boot.sql.init.dependency.DatabaseInitializationDependencyConfigurer$DependsOnDatabaseInitializationPostProcessor'
2025-01-25T21:31:31.879+01:00 DEBUG 312504 --- [appUser-service] [           main] o.s.b.f.s.DefaultListableBeanFactory     : Creating shared instance of singleton bean 'emBeanDefinitionRegistrarPostProcessor'
2025-01-25T21:31:31.912+01:00 DEBUG 312504 --- [appUser-service] [           main] o.s.b.f.s.DefaultListableBeanFactory     : Creating shared instance of singleton bean 'org.springframework.context.event.internalEventListenerProcessor'
2025-01-25T21:31:31.913+01:00 DEBUG 312504 --- [appUser-service] [           main] o.s.b.f.s.DefaultListableBeanFactory     : Creating shared instance of singleton bean 'preserveErrorControllerTargetClassPostProcessor'
2025-01-25T21:31:31.914+01:00 DEBUG 312504 --- [appUser-service] [           main] o.s.b.f.s.DefaultListableBeanFactory     : Creating shared instance of singleton bean 'org.springframework.context.event.internalEventListenerFactory'
2025-01-25T21:31:31.915+01:00 DEBUG 312504 --- [appUser-service] [           main] o.s.b.f.s.DefaultListableBeanFactory     : Creating shared instance of singleton bean 'org.springframework.transaction.config.internalTransactionalEventListenerFactory'
2025-01-25T21:31:31.917+01:00 DEBUG 312504 --- [appUser-service] [           main] o.s.b.f.s.DefaultListableBeanFactory     : Creating shared instance of singleton bean 'org.springframework.boot.test.mock.mockito.MockitoPostProcessor$SpyPostProcessor'
2025-01-25T21:31:31.918+01:00 DEBUG 312504 --- [appUser-service] [           main] o.s.b.f.s.DefaultListableBeanFactory     : Creating shared instance of singleton bean 'org.springframework.context.annotation.internalAutowiredAnnotationProcessor'
2025-01-25T21:31:31.919+01:00 DEBUG 312504 --- [appUser-service] [           main] o.s.b.f.s.DefaultListableBeanFactory     : Creating shared instance of singleton bean 'org.springframework.context.annotation.internalCommonAnnotationProcessor'
2025-01-25T21:31:31.921+01:00 DEBUG 312504 --- [appUser-service] [           main] o.s.b.f.s.DefaultListableBeanFactory     : Creating shared instance of singleton bean 'org.springframework.context.annotation.internalPersistenceAnnotationProcessor'
2025-01-25T21:31:31.921+01:00 DEBUG 312504 --- [appUser-service] [           main] o.s.b.f.s.DefaultListableBeanFactory     : Creating shared instance of singleton bean 'org.springframework.boot.context.properties.ConfigurationPropertiesBindingPostProcessor'
2025-01-25T21:31:31.921+01:00 DEBUG 312504 --- [appUser-service] [           main] o.s.b.f.s.DefaultListableBeanFactory     : Creating shared instance of singleton bean 'org.springframework.boot.context.internalConfigurationPropertiesBinder'
2025-01-25T21:31:31.923+01:00 DEBUG 312504 --- [appUser-service] [           main] o.s.b.f.s.DefaultListableBeanFactory     : Creating shared instance of singleton bean 'jdbcConnectionDetailsHikariBeanPostProcessor'
2025-01-25T21:31:31.924+01:00 DEBUG 312504 --- [appUser-service] [           main] o.s.b.f.s.DefaultListableBeanFactory     : Creating shared instance of singleton bean 'org.springframework.aop.config.internalAutoProxyCreator'
2025-01-25T21:31:31.938+01:00 DEBUG 312504 --- [appUser-service] [           main] o.s.b.f.s.DefaultListableBeanFactory     : Creating shared instance of singleton bean 'persistenceExceptionTranslationPostProcessor'
2025-01-25T21:31:31.939+01:00 DEBUG 312504 --- [appUser-service] [           main] o.s.b.f.s.DefaultListableBeanFactory     : Autowiring by type from bean name 'persistenceExceptionTranslationPostProcessor' via factory method to bean named 'environment'
2025-01-25T21:31:31.942+01:00 DEBUG 312504 --- [appUser-service] [           main] o.s.b.f.s.DefaultListableBeanFactory     : Creating shared instance of singleton bean 'webServerFactoryCustomizerBeanPostProcessor'
2025-01-25T21:31:31.943+01:00 DEBUG 312504 --- [appUser-service] [           main] o.s.b.f.s.DefaultListableBeanFactory     : Creating shared instance of singleton bean 'errorPageRegistrarBeanPostProcessor'
2025-01-25T21:31:31.943+01:00 DEBUG 312504 --- [appUser-service] [           main] o.s.b.f.s.DefaultListableBeanFactory     : Creating shared instance of singleton bean 'projectingArgumentResolverBeanPostProcessor'
2025-01-25T21:31:31.944+01:00 DEBUG 312504 --- [appUser-service] [           main] o.s.b.f.s.DefaultListableBeanFactory     : Creating shared instance of singleton bean 'org.springframework.transaction.config.internalTransactionAdvisor'
2025-01-25T21:31:31.944+01:00 DEBUG 312504 --- [appUser-service] [           main] o.s.b.f.s.DefaultListableBeanFactory     : Creating shared instance of singleton bean 'org.springframework.transaction.annotation.ProxyTransactionManagementConfiguration'
2025-01-25T21:31:31.966+01:00 DEBUG 312504 --- [appUser-service] [           main] o.s.b.f.s.DefaultListableBeanFactory     : Creating shared instance of singleton bean 'transactionAttributeSource'
2025-01-25T21:31:31.967+01:00 DEBUG 312504 --- [appUser-service] [           main] o.s.b.f.s.DefaultListableBeanFactory     : Creating shared instance of singleton bean 'transactionInterceptor'
2025-01-25T21:31:31.968+01:00 DEBUG 312504 --- [appUser-service] [           main] o.s.b.f.s.DefaultListableBeanFactory     : Autowiring by type from bean name 'transactionInterceptor' via factory method to bean named 'transactionAttributeSource'
2025-01-25T21:31:31.971+01:00 DEBUG 312504 --- [appUser-service] [           main] o.s.b.f.s.DefaultListableBeanFactory     : Autowiring by type from bean name 'org.springframework.transaction.config.internalTransactionAdvisor' via factory method to bean named 'transactionAttributeSource'
2025-01-25T21:31:31.971+01:00 DEBUG 312504 --- [appUser-service] [           main] o.s.b.f.s.DefaultListableBeanFactory     : Autowiring by type from bean name 'org.springframework.transaction.config.internalTransactionAdvisor' via factory method to bean named 'transactionInterceptor'
2025-01-25T21:31:31.985+01:00 DEBUG 312504 --- [appUser-service] [           main] o.s.u.c.s.UiApplicationContextUtils      : Unable to locate ThemeSource with name 'themeSource': using default [org.springframework.ui.context.support.ResourceBundleThemeSource@58f4b31a]
2025-01-25T21:31:31.986+01:00 DEBUG 312504 --- [appUser-service] [           main] o.s.b.f.s.DefaultListableBeanFactory     : Creating shared instance of singleton bean 'org.springframework.test.context.support.internalDynamicPropertyRegistrarBeanInitializer'
2025-01-25T21:31:31.988+01:00 DEBUG 312504 --- [appUser-service] [           main] o.s.b.f.s.DefaultListableBeanFactory     : Creating shared instance of singleton bean 'dataSourceScriptDatabaseInitializer'
2025-01-25T21:31:31.988+01:00 DEBUG 312504 --- [appUser-service] [           main] o.s.b.f.s.DefaultListableBeanFactory     : Creating shared instance of singleton bean 'org.springframework.boot.autoconfigure.sql.init.DataSourceInitializationConfiguration'
2025-01-25T21:31:31.989+01:00 DEBUG 312504 --- [appUser-service] [           main] o.s.b.f.s.DefaultListableBeanFactory     : Creating shared instance of singleton bean 'dataSource'
2025-01-25T21:31:31.989+01:00 DEBUG 312504 --- [appUser-service] [           main] o.s.b.f.s.DefaultListableBeanFactory     : Creating shared instance of singleton bean 'org.springframework.boot.autoconfigure.jdbc.DataSourceConfiguration$Hikari'
2025-01-25T21:31:31.990+01:00 DEBUG 312504 --- [appUser-service] [           main] o.s.b.f.s.DefaultListableBeanFactory     : Creating shared instance of singleton bean 'spring.datasource-org.springframework.boot.autoconfigure.jdbc.DataSourceProperties'
2025-01-25T21:31:31.991+01:00 DEBUG 312504 --- [appUser-service] [           main] o.s.b.f.s.DefaultListableBeanFactory     : Creating shared instance of singleton bean 'org.springframework.boot.context.properties.BoundConfigurationProperties'
2025-01-25T21:31:32.002+01:00 DEBUG 312504 --- [appUser-service] [           main] o.s.b.f.s.DefaultListableBeanFactory     : Creating shared instance of singleton bean 'jdbcConnectionDetails'
2025-01-25T21:31:32.003+01:00 DEBUG 312504 --- [appUser-service] [           main] o.s.b.f.s.DefaultListableBeanFactory     : Creating shared instance of singleton bean 'org.springframework.boot.autoconfigure.jdbc.DataSourceAutoConfiguration$PooledDataSourceConfiguration'
2025-01-25T21:31:32.004+01:00 DEBUG 312504 --- [appUser-service] [           main] o.s.b.f.s.DefaultListableBeanFactory     : Autowiring by type from bean name 'jdbcConnectionDetails' via factory method to bean named 'spring.datasource-org.springframework.boot.autoconfigure.jdbc.DataSourceProperties'
2025-01-25T21:31:32.005+01:00 DEBUG 312504 --- [appUser-service] [           main] o.s.b.f.s.DefaultListableBeanFactory     : Autowiring by type from bean name 'dataSource' via factory method to bean named 'spring.datasource-org.springframework.boot.autoconfigure.jdbc.DataSourceProperties'
2025-01-25T21:31:32.005+01:00 DEBUG 312504 --- [appUser-service] [           main] o.s.b.f.s.DefaultListableBeanFactory     : Autowiring by type from bean name 'dataSource' via factory method to bean named 'jdbcConnectionDetails'
2025-01-25T21:31:32.006+01:00 DEBUG 312504 --- [appUser-service] [           main] com.zaxxer.hikari.HikariConfig           : Driver class org.h2.Driver found in Thread context class loader jdk.internal.loader.ClassLoaders$AppClassLoader@30946e09
2025-01-25T21:31:32.023+01:00 DEBUG 312504 --- [appUser-service] [           main] o.s.b.f.s.DefaultListableBeanFactory     : Creating shared instance of singleton bean 'spring.sql.init-org.springframework.boot.autoconfigure.sql.init.SqlInitializationProperties'
2025-01-25T21:31:32.026+01:00 DEBUG 312504 --- [appUser-service] [           main] o.s.b.f.s.DefaultListableBeanFactory     : Autowiring by type from bean name 'dataSourceScriptDatabaseInitializer' via factory method to bean named 'dataSource'
2025-01-25T21:31:32.026+01:00 DEBUG 312504 --- [appUser-service] [           main] o.s.b.f.s.DefaultListableBeanFactory     : Autowiring by type from bean name 'dataSourceScriptDatabaseInitializer' via factory method to bean named 'spring.sql.init-org.springframework.boot.autoconfigure.sql.init.SqlInitializationProperties'
2025-01-25T21:31:32.029+01:00 DEBUG 312504 --- [appUser-service] [           main] o.s.b.f.s.DefaultListableBeanFactory     : Creating shared instance of singleton bean 'entityManagerFactory'
2025-01-25T21:31:32.030+01:00 DEBUG 312504 --- [appUser-service] [           main] o.s.b.f.s.DefaultListableBeanFactory     : Creating shared instance of singleton bean 'org.springframework.boot.autoconfigure.orm.jpa.HibernateJpaConfiguration'
2025-01-25T21:31:32.031+01:00 DEBUG 312504 --- [appUser-service] [           main] o.s.b.f.s.DefaultListableBeanFactory     : Creating shared instance of singleton bean 'spring.jpa-org.springframework.boot.autoconfigure.orm.jpa.JpaProperties'
2025-01-25T21:31:32.035+01:00 DEBUG 312504 --- [appUser-service] [           main] o.s.b.f.s.DefaultListableBeanFactory     : Creating shared instance of singleton bean 'spring.jpa.hibernate-org.springframework.boot.autoconfigure.orm.jpa.HibernateProperties'
2025-01-25T21:31:32.037+01:00 DEBUG 312504 --- [appUser-service] [           main] o.s.b.f.s.DefaultListableBeanFactory     : Autowiring by type from bean name 'org.springframework.boot.autoconfigure.orm.jpa.HibernateJpaConfiguration' via constructor to bean named 'dataSource'
2025-01-25T21:31:32.037+01:00 DEBUG 312504 --- [appUser-service] [           main] o.s.b.f.s.DefaultListableBeanFactory     : Autowiring by type from bean name 'org.springframework.boot.autoconfigure.orm.jpa.HibernateJpaConfiguration' via constructor to bean named 'spring.jpa-org.springframework.boot.autoconfigure.orm.jpa.JpaProperties'
2025-01-25T21:31:32.037+01:00 DEBUG 312504 --- [appUser-service] [           main] o.s.b.f.s.DefaultListableBeanFactory     : Autowiring by type from bean name 'org.springframework.boot.autoconfigure.orm.jpa.HibernateJpaConfiguration' via constructor to bean named 'org.springframework.beans.factory.support.DefaultListableBeanFactory@5f2afe62'
2025-01-25T21:31:32.037+01:00 DEBUG 312504 --- [appUser-service] [           main] o.s.b.f.s.DefaultListableBeanFactory     : Autowiring by type from bean name 'org.springframework.boot.autoconfigure.orm.jpa.HibernateJpaConfiguration' via constructor to bean named 'spring.jpa.hibernate-org.springframework.boot.autoconfigure.orm.jpa.HibernateProperties'
2025-01-25T21:31:32.039+01:00 DEBUG 312504 --- [appUser-service] [           main] o.s.b.f.s.DefaultListableBeanFactory     : Creating shared instance of singleton bean 'hikariPoolDataSourceMetadataProvider'
2025-01-25T21:31:32.039+01:00 DEBUG 312504 --- [appUser-service] [           main] o.s.b.f.s.DefaultListableBeanFactory     : Creating shared instance of singleton bean 'org.springframework.boot.autoconfigure.jdbc.metadata.DataSourcePoolMetadataProvidersConfiguration$HikariPoolDataSourceMetadataProviderConfiguration'
2025-01-25T21:31:32.043+01:00 DEBUG 312504 --- [appUser-service] [           main] o.s.b.f.s.DefaultListableBeanFactory     : Creating shared instance of singleton bean 'entityManagerFactoryBuilder'
2025-01-25T21:31:32.044+01:00 DEBUG 312504 --- [appUser-service] [           main] o.s.b.f.s.DefaultListableBeanFactory     : Creating shared instance of singleton bean 'jpaVendorAdapter'
2025-01-25T21:31:32.051+01:00 DEBUG 312504 --- [appUser-service] [           main] org.jboss.logging                        : Logging Provider: org.jboss.logging.Slf4jLoggerProvider found via system property
2025-01-25T21:31:32.054+01:00 DEBUG 312504 --- [appUser-service] [           main] o.s.b.f.s.DefaultListableBeanFactory     : Autowiring by type from bean name 'entityManagerFactoryBuilder' via factory method to bean named 'jpaVendorAdapter'
2025-01-25T21:31:32.060+01:00 DEBUG 312504 --- [appUser-service] [           main] o.s.b.f.s.DefaultListableBeanFactory     : Creating shared instance of singleton bean 'persistenceManagedTypes'
2025-01-25T21:31:32.061+01:00 DEBUG 312504 --- [appUser-service] [           main] o.s.b.f.s.DefaultListableBeanFactory     : Autowiring by type from bean name 'persistenceManagedTypes' via factory method to bean named 'org.springframework.beans.factory.support.DefaultListableBeanFactory@5f2afe62'
2025-01-25T21:31:32.061+01:00 DEBUG 312504 --- [appUser-service] [           main] o.s.b.f.s.DefaultListableBeanFactory     : Autowiring by type from bean name 'persistenceManagedTypes' via factory method to bean named 'org.springframework.web.context.support.GenericWebApplicationContext@2a551a63'
2025-01-25T21:31:32.066+01:00 DEBUG 312504 --- [appUser-service] [           main] o.s.b.f.s.DefaultListableBeanFactory     : Autowiring by type from bean name 'entityManagerFactory' via factory method to bean named 'entityManagerFactoryBuilder'
2025-01-25T21:31:32.067+01:00 DEBUG 312504 --- [appUser-service] [           main] o.s.b.f.s.DefaultListableBeanFactory     : Autowiring by type from bean name 'entityManagerFactory' via factory method to bean named 'persistenceManagedTypes'
2025-01-25T21:31:32.074+01:00 DEBUG 312504 --- [appUser-service] [           main] j.LocalContainerEntityManagerFactoryBean : Building JPA container EntityManagerFactory for persistence unit 'default'
2025-01-25T21:31:32.086+01:00 DEBUG 312504 --- [appUser-service] [           main] o.hibernate.jpa.internal.util.LogHelper  : PersistenceUnitInfo [
	name: default
	persistence provider classname: null
	classloader: jdk.internal.loader.ClassLoaders$AppClassLoader@30946e09
	excludeUnlistedClasses: true
	JTA datasource: null
	Non JTA datasource: HikariDataSource (null)
	Transaction type: RESOURCE_LOCAL
	PU root URL: file:/home/ahmed/Projects/wallet/user-service/target/test-classes/
	Shared Cache Mode: UNSPECIFIED
	Validation Mode: AUTO
	Jar files URLs []
	Managed classes names [
		com.fact.user_service.model.AppUser]
	Mapping files names []
	Properties []
2025-01-25T21:31:32.093+01:00 DEBUG 312504 --- [appUser-service] [           main] o.h.i.internal.IntegratorServiceImpl     : Adding Integrator [org.hibernate.boot.beanvalidation.BeanValidationIntegrator].
2025-01-25T21:31:32.093+01:00 DEBUG 312504 --- [appUser-service] [           main] o.h.i.internal.IntegratorServiceImpl     : Adding Integrator [org.hibernate.cache.internal.CollectionCacheInvalidator].
2025-01-25T21:31:32.121+01:00  INFO 312504 --- [appUser-service] [           main] org.hibernate.Version                    : HHH000412: Hibernate ORM core version 6.6.5.Final
2025-01-25T21:31:32.121+01:00 DEBUG 312504 --- [appUser-service] [           main] org.hibernate.cfg.Environment            : HHH000206: 'hibernate.properties' not found
2025-01-25T21:31:32.135+01:00 DEBUG 312504 --- [appUser-service] [           main] org.hibernate.orm.idgen.factory          : Registering IdentifierGenerator strategy [uuid2] -> [org.hibernate.id.UUIDGenerator]
2025-01-25T21:31:32.136+01:00 DEBUG 312504 --- [appUser-service] [           main] org.hibernate.orm.idgen.factory          : Registering IdentifierGenerator strategy [guid] -> [org.hibernate.id.GUIDGenerator]
2025-01-25T21:31:32.136+01:00 DEBUG 312504 --- [appUser-service] [           main] org.hibernate.orm.idgen.factory          : Registering IdentifierGenerator strategy [uuid] -> [org.hibernate.id.UUIDHexGenerator]
2025-01-25T21:31:32.136+01:00 DEBUG 312504 --- [appUser-service] [           main] org.hibernate.orm.idgen.factory          : Registering IdentifierGenerator strategy [uuid.hex] -> [org.hibernate.id.UUIDHexGenerator]
2025-01-25T21:31:32.136+01:00 DEBUG 312504 --- [appUser-service] [           main] org.hibernate.orm.idgen.factory          : Registering IdentifierGenerator strategy [assigned] -> [org.hibernate.id.Assigned]
2025-01-25T21:31:32.137+01:00 DEBUG 312504 --- [appUser-service] [           main] org.hibernate.orm.idgen.factory          : Registering IdentifierGenerator strategy [identity] -> [org.hibernate.id.IdentityGenerator]
2025-01-25T21:31:32.137+01:00 DEBUG 312504 --- [appUser-service] [           main] org.hibernate.orm.idgen.factory          : Registering IdentifierGenerator strategy [select] -> [org.hibernate.id.SelectGenerator]
2025-01-25T21:31:32.138+01:00 DEBUG 312504 --- [appUser-service] [           main] org.hibernate.orm.idgen.factory          : Registering IdentifierGenerator strategy [sequence] -> [org.hibernate.id.enhanced.SequenceStyleGenerator]
2025-01-25T21:31:32.138+01:00 DEBUG 312504 --- [appUser-service] [           main] org.hibernate.orm.idgen.factory          : Registering IdentifierGenerator strategy [increment] -> [org.hibernate.id.IncrementGenerator]
2025-01-25T21:31:32.139+01:00 DEBUG 312504 --- [appUser-service] [           main] org.hibernate.orm.idgen.factory          : Registering IdentifierGenerator strategy [foreign] -> [org.hibernate.id.ForeignGenerator]
2025-01-25T21:31:32.139+01:00 DEBUG 312504 --- [appUser-service] [           main] org.hibernate.orm.idgen.factory          : Registering IdentifierGenerator strategy [enhanced-sequence] -> [org.hibernate.id.enhanced.SequenceStyleGenerator]
2025-01-25T21:31:32.139+01:00 DEBUG 312504 --- [appUser-service] [           main] org.hibernate.orm.idgen.factory          : Registering IdentifierGenerator strategy [enhanced-table] -> [org.hibernate.id.enhanced.TableGenerator]
2025-01-25T21:31:32.143+01:00 DEBUG 312504 --- [appUser-service] [           main] o.h.c.internal.RegionFactoryInitiator    : Cannot default RegionFactory based on registered strategies as `[]` RegionFactory strategies were registered
2025-01-25T21:31:32.144+01:00  INFO 312504 --- [appUser-service] [           main] o.h.c.internal.RegionFactoryInitiator    : HHH000026: Second-level cache disabled
2025-01-25T21:31:32.198+01:00 DEBUG 312504 --- [appUser-service] [           main] org.hibernate.type.BasicTypeRegistry     : Adding type registration boolean -> org.hibernate.type.BasicTypeReference@592ca48c
2025-01-25T21:31:32.198+01:00 DEBUG 312504 --- [appUser-service] [           main] org.hibernate.type.BasicTypeRegistry     : Adding type registration boolean -> org.hibernate.type.BasicTypeReference@592ca48c
2025-01-25T21:31:32.198+01:00 DEBUG 312504 --- [appUser-service] [           main] org.hibernate.type.BasicTypeRegistry     : Adding type registration java.lang.Boolean -> org.hibernate.type.BasicTypeReference@592ca48c
2025-01-25T21:31:32.198+01:00 DEBUG 312504 --- [appUser-service] [           main] org.hibernate.type.BasicTypeRegistry     : Adding type registration numeric_boolean -> org.hibernate.type.BasicTypeReference@5fed9976
2025-01-25T21:31:32.198+01:00 DEBUG 312504 --- [appUser-service] [           main] org.hibernate.type.BasicTypeRegistry     : Adding type registration org.hibernate.type.NumericBooleanConverter -> org.hibernate.type.BasicTypeReference@5fed9976
2025-01-25T21:31:32.199+01:00 DEBUG 312504 --- [appUser-service] [           main] org.hibernate.type.BasicTypeRegistry     : Adding type registration true_false -> org.hibernate.type.BasicTypeReference@3fdcde7a
2025-01-25T21:31:32.199+01:00 DEBUG 312504 --- [appUser-service] [           main] org.hibernate.type.BasicTypeRegistry     : Adding type registration org.hibernate.type.TrueFalseConverter -> org.hibernate.type.BasicTypeReference@3fdcde7a
2025-01-25T21:31:32.199+01:00 DEBUG 312504 --- [appUser-service] [           main] org.hibernate.type.BasicTypeRegistry     : Adding type registration yes_no -> org.hibernate.type.BasicTypeReference@4f363abd
2025-01-25T21:31:32.199+01:00 DEBUG 312504 --- [appUser-service] [           main] org.hibernate.type.BasicTypeRegistry     : Adding type registration org.hibernate.type.YesNoConverter -> org.hibernate.type.BasicTypeReference@4f363abd
2025-01-25T21:31:32.199+01:00 DEBUG 312504 --- [appUser-service] [           main] org.hibernate.type.BasicTypeRegistry     : Adding type registration byte -> org.hibernate.type.BasicTypeReference@7302ff13
2025-01-25T21:31:32.199+01:00 DEBUG 312504 --- [appUser-service] [           main] org.hibernate.type.BasicTypeRegistry     : Adding type registration byte -> org.hibernate.type.BasicTypeReference@7302ff13
2025-01-25T21:31:32.199+01:00 DEBUG 312504 --- [appUser-service] [           main] org.hibernate.type.BasicTypeRegistry     : Adding type registration java.lang.Byte -> org.hibernate.type.BasicTypeReference@7302ff13
2025-01-25T21:31:32.199+01:00 DEBUG 312504 --- [appUser-service] [           main] org.hibernate.type.BasicTypeRegistry     : Adding type registration binary -> org.hibernate.type.BasicTypeReference@4017fe2c
2025-01-25T21:31:32.199+01:00 DEBUG 312504 --- [appUser-service] [           main] org.hibernate.type.BasicTypeRegistry     : Adding type registration byte[] -> org.hibernate.type.BasicTypeReference@4017fe2c
2025-01-25T21:31:32.199+01:00 DEBUG 312504 --- [appUser-service] [           main] org.hibernate.type.BasicTypeRegistry     : Adding type registration [B -> org.hibernate.type.BasicTypeReference@4017fe2c
2025-01-25T21:31:32.199+01:00 DEBUG 312504 --- [appUser-service] [           main] org.hibernate.type.BasicTypeRegistry     : Adding type registration binary_wrapper -> org.hibernate.type.BasicTypeReference@1961d75a
2025-01-25T21:31:32.200+01:00 DEBUG 312504 --- [appUser-service] [           main] org.hibernate.type.BasicTypeRegistry     : Adding type registration wrapper-binary -> org.hibernate.type.BasicTypeReference@1961d75a
2025-01-25T21:31:32.200+01:00 DEBUG 312504 --- [appUser-service] [           main] org.hibernate.type.BasicTypeRegistry     : Adding type registration image -> org.hibernate.type.BasicTypeReference@677ce519
2025-01-25T21:31:32.200+01:00 DEBUG 312504 --- [appUser-service] [           main] org.hibernate.type.BasicTypeRegistry     : Adding type registration blob -> org.hibernate.type.BasicTypeReference@3e26482
2025-01-25T21:31:32.200+01:00 DEBUG 312504 --- [appUser-service] [           main] org.hibernate.type.BasicTypeRegistry     : Adding type registration java.sql.Blob -> org.hibernate.type.BasicTypeReference@3e26482
2025-01-25T21:31:32.200+01:00 DEBUG 312504 --- [appUser-service] [           main] org.hibernate.type.BasicTypeRegistry     : Adding type registration materialized_blob -> org.hibernate.type.BasicTypeReference@7cfb0c4c
2025-01-25T21:31:32.200+01:00 DEBUG 312504 --- [appUser-service] [           main] org.hibernate.type.BasicTypeRegistry     : Adding type registration materialized_blob_wrapper -> org.hibernate.type.BasicTypeReference@6b37df8e
2025-01-25T21:31:32.200+01:00 DEBUG 312504 --- [appUser-service] [           main] org.hibernate.type.BasicTypeRegistry     : Adding type registration short -> org.hibernate.type.BasicTypeReference@6b63abdc
2025-01-25T21:31:32.200+01:00 DEBUG 312504 --- [appUser-service] [           main] org.hibernate.type.BasicTypeRegistry     : Adding type registration short -> org.hibernate.type.BasicTypeReference@6b63abdc
2025-01-25T21:31:32.200+01:00 DEBUG 312504 --- [appUser-service] [           main] org.hibernate.type.BasicTypeRegistry     : Adding type registration java.lang.Short -> org.hibernate.type.BasicTypeReference@6b63abdc
2025-01-25T21:31:32.200+01:00 DEBUG 312504 --- [appUser-service] [           main] org.hibernate.type.BasicTypeRegistry     : Adding type registration integer -> org.hibernate.type.BasicTypeReference@7b351446
2025-01-25T21:31:32.200+01:00 DEBUG 312504 --- [appUser-service] [           main] org.hibernate.type.BasicTypeRegistry     : Adding type registration int -> org.hibernate.type.BasicTypeReference@7b351446
2025-01-25T21:31:32.200+01:00 DEBUG 312504 --- [appUser-service] [           main] org.hibernate.type.BasicTypeRegistry     : Adding type registration java.lang.Integer -> org.hibernate.type.BasicTypeReference@7b351446
2025-01-25T21:31:32.200+01:00 DEBUG 312504 --- [appUser-service] [           main] org.hibernate.type.BasicTypeRegistry     : Adding type registration long -> org.hibernate.type.BasicTypeReference@5f08fe00
2025-01-25T21:31:32.200+01:00 DEBUG 312504 --- [appUser-service] [           main] org.hibernate.type.BasicTypeRegistry     : Adding type registration long -> org.hibernate.type.BasicTypeReference@5f08fe00
2025-01-25T21:31:32.201+01:00 DEBUG 312504 --- [appUser-service] [           main] org.hibernate.type.BasicTypeRegistry     : Adding type registration java.lang.Long -> org.hibernate.type.BasicTypeReference@5f08fe00
2025-01-25T21:31:32.201+01:00 DEBUG 312504 --- [appUser-service] [           main] org.hibernate.type.BasicTypeRegistry     : Adding type registration float -> org.hibernate.type.BasicTypeReference@a1691c0
2025-01-25T21:31:32.201+01:00 DEBUG 312504 --- [appUser-service] [           main] org.hibernate.type.BasicTypeRegistry     : Adding type registration float -> org.hibernate.type.BasicTypeReference@a1691c0
2025-01-25T21:31:32.201+01:00 DEBUG 312504 --- [appUser-service] [           main] org.hibernate.type.BasicTypeRegistry     : Adding type registration java.lang.Float -> org.hibernate.type.BasicTypeReference@a1691c0
2025-01-25T21:31:32.201+01:00 DEBUG 312504 --- [appUser-service] [           main] org.hibernate.type.BasicTypeRegistry     : Adding type registration double -> org.hibernate.type.BasicTypeReference@7c5df615
2025-01-25T21:31:32.201+01:00 DEBUG 312504 --- [appUser-service] [           main] org.hibernate.type.BasicTypeRegistry     : Adding type registration double -> org.hibernate.type.BasicTypeReference@7c5df615
2025-01-25T21:31:32.201+01:00 DEBUG 312504 --- [appUser-service] [           main] org.hibernate.type.BasicTypeRegistry     : Adding type registration java.lang.Double -> org.hibernate.type.BasicTypeReference@7c5df615
2025-01-25T21:31:32.201+01:00 DEBUG 312504 --- [appUser-service] [           main] org.hibernate.type.BasicTypeRegistry     : Adding type registration big_integer -> org.hibernate.type.BasicTypeReference@2f995afc
2025-01-25T21:31:32.201+01:00 DEBUG 312504 --- [appUser-service] [           main] org.hibernate.type.BasicTypeRegistry     : Adding type registration java.math.BigInteger -> org.hibernate.type.BasicTypeReference@2f995afc
2025-01-25T21:31:32.201+01:00 DEBUG 312504 --- [appUser-service] [           main] org.hibernate.type.BasicTypeRegistry     : Adding type registration big_decimal -> org.hibernate.type.BasicTypeReference@377949f1
2025-01-25T21:31:32.201+01:00 DEBUG 312504 --- [appUser-service] [           main] org.hibernate.type.BasicTypeRegistry     : Adding type registration java.math.BigDecimal -> org.hibernate.type.BasicTypeReference@377949f1
2025-01-25T21:31:32.201+01:00 DEBUG 312504 --- [appUser-service] [           main] org.hibernate.type.BasicTypeRegistry     : Adding type registration character -> org.hibernate.type.BasicTypeReference@9df564f
2025-01-25T21:31:32.201+01:00 DEBUG 312504 --- [appUser-service] [           main] org.hibernate.type.BasicTypeRegistry     : Adding type registration char -> org.hibernate.type.BasicTypeReference@9df564f
2025-01-25T21:31:32.201+01:00 DEBUG 312504 --- [appUser-service] [           main] org.hibernate.type.BasicTypeRegistry     : Adding type registration java.lang.Character -> org.hibernate.type.BasicTypeReference@9df564f
2025-01-25T21:31:32.202+01:00 DEBUG 312504 --- [appUser-service] [           main] org.hibernate.type.BasicTypeRegistry     : Adding type registration character_nchar -> org.hibernate.type.BasicTypeReference@1a21f43f
2025-01-25T21:31:32.202+01:00 DEBUG 312504 --- [appUser-service] [           main] org.hibernate.type.BasicTypeRegistry     : Adding type registration string -> org.hibernate.type.BasicTypeReference@7f0a133d
2025-01-25T21:31:32.202+01:00 DEBUG 312504 --- [appUser-service] [           main] org.hibernate.type.BasicTypeRegistry     : Adding type registration java.lang.String -> org.hibernate.type.BasicTypeReference@7f0a133d
2025-01-25T21:31:32.202+01:00 DEBUG 312504 --- [appUser-service] [           main] org.hibernate.type.BasicTypeRegistry     : Adding type registration nstring -> org.hibernate.type.BasicTypeReference@241fbec
2025-01-25T21:31:32.202+01:00 DEBUG 312504 --- [appUser-service] [           main] org.hibernate.type.BasicTypeRegistry     : Adding type registration characters -> org.hibernate.type.BasicTypeReference@715fa8c5
2025-01-25T21:31:32.202+01:00 DEBUG 312504 --- [appUser-service] [           main] org.hibernate.type.BasicTypeRegistry     : Adding type registration char[] -> org.hibernate.type.BasicTypeReference@715fa8c5
2025-01-25T21:31:32.202+01:00 DEBUG 312504 --- [appUser-service] [           main] org.hibernate.type.BasicTypeRegistry     : Adding type registration [C -> org.hibernate.type.BasicTypeReference@715fa8c5
2025-01-25T21:31:32.202+01:00 DEBUG 312504 --- [appUser-service] [           main] org.hibernate.type.BasicTypeRegistry     : Adding type registration wrapper-characters -> org.hibernate.type.BasicTypeReference@644a3add
2025-01-25T21:31:32.202+01:00 DEBUG 312504 --- [appUser-service] [           main] org.hibernate.type.BasicTypeRegistry     : Adding type registration text -> org.hibernate.type.BasicTypeReference@4b765e92
2025-01-25T21:31:32.202+01:00 DEBUG 312504 --- [appUser-service] [           main] org.hibernate.type.BasicTypeRegistry     : Adding type registration ntext -> org.hibernate.type.BasicTypeReference@4665428b
2025-01-25T21:31:32.202+01:00 DEBUG 312504 --- [appUser-service] [           main] org.hibernate.type.BasicTypeRegistry     : Adding type registration clob -> org.hibernate.type.BasicTypeReference@4a70d302
2025-01-25T21:31:32.202+01:00 DEBUG 312504 --- [appUser-service] [           main] org.hibernate.type.BasicTypeRegistry     : Adding type registration java.sql.Clob -> org.hibernate.type.BasicTypeReference@4a70d302
2025-01-25T21:31:32.202+01:00 DEBUG 312504 --- [appUser-service] [           main] org.hibernate.type.BasicTypeRegistry     : Adding type registration nclob -> org.hibernate.type.BasicTypeReference@7fd99443
2025-01-25T21:31:32.202+01:00 DEBUG 312504 --- [appUser-service] [           main] org.hibernate.type.BasicTypeRegistry     : Adding type registration java.sql.NClob -> org.hibernate.type.BasicTypeReference@7fd99443
2025-01-25T21:31:32.202+01:00 DEBUG 312504 --- [appUser-service] [           main] org.hibernate.type.BasicTypeRegistry     : Adding type registration materialized_clob -> org.hibernate.type.BasicTypeReference@622d7e4
2025-01-25T21:31:32.203+01:00 DEBUG 312504 --- [appUser-service] [           main] org.hibernate.type.BasicTypeRegistry     : Adding type registration materialized_clob_char_array -> org.hibernate.type.BasicTypeReference@6a3fbcb1
2025-01-25T21:31:32.203+01:00 DEBUG 312504 --- [appUser-service] [           main] org.hibernate.type.BasicTypeRegistry     : Adding type registration materialized_clob_character_array -> org.hibernate.type.BasicTypeReference@261b9a37
2025-01-25T21:31:32.203+01:00 DEBUG 312504 --- [appUser-service] [           main] org.hibernate.type.BasicTypeRegistry     : Adding type registration materialized_nclob -> org.hibernate.type.BasicTypeReference@15d3793b
2025-01-25T21:31:32.203+01:00 DEBUG 312504 --- [appUser-service] [           main] org.hibernate.type.BasicTypeRegistry     : Adding type registration materialized_nclob_character_array -> org.hibernate.type.BasicTypeReference@55e1192
2025-01-25T21:31:32.203+01:00 DEBUG 312504 --- [appUser-service] [           main] org.hibernate.type.BasicTypeRegistry     : Adding type registration materialized_nclob_char_array -> org.hibernate.type.BasicTypeReference@1213ffbc
2025-01-25T21:31:32.203+01:00 DEBUG 312504 --- [appUser-service] [           main] org.hibernate.type.BasicTypeRegistry     : Adding type registration Duration -> org.hibernate.type.BasicTypeReference@68a305eb
2025-01-25T21:31:32.203+01:00 DEBUG 312504 --- [appUser-service] [           main] org.hibernate.type.BasicTypeRegistry     : Adding type registration java.time.Duration -> org.hibernate.type.BasicTypeReference@68a305eb
2025-01-25T21:31:32.203+01:00 DEBUG 312504 --- [appUser-service] [           main] org.hibernate.type.BasicTypeRegistry     : Adding type registration LocalDateTime -> org.hibernate.type.BasicTypeReference@6637a365
2025-01-25T21:31:32.203+01:00 DEBUG 312504 --- [appUser-service] [           main] org.hibernate.type.BasicTypeRegistry     : Adding type registration java.time.LocalDateTime -> org.hibernate.type.BasicTypeReference@6637a365
2025-01-25T21:31:32.203+01:00 DEBUG 312504 --- [appUser-service] [           main] org.hibernate.type.BasicTypeRegistry     : Adding type registration LocalDate -> org.hibernate.type.BasicTypeReference@1310fcb0
2025-01-25T21:31:32.203+01:00 DEBUG 312504 --- [appUser-service] [           main] org.hibernate.type.BasicTypeRegistry     : Adding type registration java.time.LocalDate -> org.hibernate.type.BasicTypeReference@1310fcb0
2025-01-25T21:31:32.203+01:00 DEBUG 312504 --- [appUser-service] [           main] org.hibernate.type.BasicTypeRegistry     : Adding type registration LocalTime -> org.hibernate.type.BasicTypeReference@1ef31f71
2025-01-25T21:31:32.203+01:00 DEBUG 312504 --- [appUser-service] [           main] org.hibernate.type.BasicTypeRegistry     : Adding type registration java.time.LocalTime -> org.hibernate.type.BasicTypeReference@1ef31f71
2025-01-25T21:31:32.203+01:00 DEBUG 312504 --- [appUser-service] [           main] org.hibernate.type.BasicTypeRegistry     : Adding type registration OffsetDateTime -> org.hibernate.type.BasicTypeReference@6e8fdd19
2025-01-25T21:31:32.203+01:00 DEBUG 312504 --- [appUser-service] [           main] org.hibernate.type.BasicTypeRegistry     : Adding type registration java.time.OffsetDateTime -> org.hibernate.type.BasicTypeReference@6e8fdd19
2025-01-25T21:31:32.204+01:00 DEBUG 312504 --- [appUser-service] [           main] org.hibernate.type.BasicTypeRegistry     : Adding type registration OffsetDateTimeWithTimezone -> org.hibernate.type.BasicTypeReference@35787726
2025-01-25T21:31:32.204+01:00 DEBUG 312504 --- [appUser-service] [           main] org.hibernate.type.BasicTypeRegistry     : Adding type registration OffsetDateTimeWithoutTimezone -> org.hibernate.type.BasicTypeReference@2199e845
2025-01-25T21:31:32.204+01:00 DEBUG 312504 --- [appUser-service] [           main] org.hibernate.type.BasicTypeRegistry     : Adding type registration OffsetTime -> org.hibernate.type.BasicTypeReference@27976390
2025-01-25T21:31:32.204+01:00 DEBUG 312504 --- [appUser-service] [           main] org.hibernate.type.BasicTypeRegistry     : Adding type registration java.time.OffsetTime -> org.hibernate.type.BasicTypeReference@27976390
2025-01-25T21:31:32.204+01:00 DEBUG 312504 --- [appUser-service] [           main] org.hibernate.type.BasicTypeRegistry     : Adding type registration OffsetTimeUtc -> org.hibernate.type.BasicTypeReference@37e0056e
2025-01-25T21:31:32.204+01:00 DEBUG 312504 --- [appUser-service] [           main] org.hibernate.type.BasicTypeRegistry     : Adding type registration OffsetTimeWithTimezone -> org.hibernate.type.BasicTypeReference@415795f3
2025-01-25T21:31:32.204+01:00 DEBUG 312504 --- [appUser-service] [           main] org.hibernate.type.BasicTypeRegistry     : Adding type registration OffsetTimeWithoutTimezone -> org.hibernate.type.BasicTypeReference@2fe2965c
2025-01-25T21:31:32.204+01:00 DEBUG 312504 --- [appUser-service] [           main] org.hibernate.type.BasicTypeRegistry     : Adding type registration ZonedDateTime -> org.hibernate.type.BasicTypeReference@3375ebd3
2025-01-25T21:31:32.204+01:00 DEBUG 312504 --- [appUser-service] [           main] org.hibernate.type.BasicTypeRegistry     : Adding type registration java.time.ZonedDateTime -> org.hibernate.type.BasicTypeReference@3375ebd3
2025-01-25T21:31:32.204+01:00 DEBUG 312504 --- [appUser-service] [           main] org.hibernate.type.BasicTypeRegistry     : Adding type registration ZonedDateTimeWithTimezone -> org.hibernate.type.BasicTypeReference@40943a6
2025-01-25T21:31:32.204+01:00 DEBUG 312504 --- [appUser-service] [           main] org.hibernate.type.BasicTypeRegistry     : Adding type registration ZonedDateTimeWithoutTimezone -> org.hibernate.type.BasicTypeReference@798cb6d9
2025-01-25T21:31:32.204+01:00 DEBUG 312504 --- [appUser-service] [           main] org.hibernate.type.BasicTypeRegistry     : Adding type registration date -> org.hibernate.type.BasicTypeReference@42679fc2
2025-01-25T21:31:32.204+01:00 DEBUG 312504 --- [appUser-service] [           main] org.hibernate.type.BasicTypeRegistry     : Adding type registration java.sql.Date -> org.hibernate.type.BasicTypeReference@42679fc2
2025-01-25T21:31:32.204+01:00 DEBUG 312504 --- [appUser-service] [           main] org.hibernate.type.BasicTypeRegistry     : Adding type registration time -> org.hibernate.type.BasicTypeReference@5e50df2e
2025-01-25T21:31:32.204+01:00 DEBUG 312504 --- [appUser-service] [           main] org.hibernate.type.BasicTypeRegistry     : Adding type registration java.sql.Time -> org.hibernate.type.BasicTypeReference@5e50df2e
2025-01-25T21:31:32.204+01:00 DEBUG 312504 --- [appUser-service] [           main] org.hibernate.type.BasicTypeRegistry     : Adding type registration timestamp -> org.hibernate.type.BasicTypeReference@100aa331
2025-01-25T21:31:32.205+01:00 DEBUG 312504 --- [appUser-service] [           main] org.hibernate.type.BasicTypeRegistry     : Adding type registration java.sql.Timestamp -> org.hibernate.type.BasicTypeReference@100aa331
2025-01-25T21:31:32.205+01:00 DEBUG 312504 --- [appUser-service] [           main] org.hibernate.type.BasicTypeRegistry     : Adding type registration java.util.Date -> org.hibernate.type.BasicTypeReference@100aa331
2025-01-25T21:31:32.205+01:00 DEBUG 312504 --- [appUser-service] [           main] org.hibernate.type.BasicTypeRegistry     : Adding type registration calendar -> org.hibernate.type.BasicTypeReference@c2cf597
2025-01-25T21:31:32.205+01:00 DEBUG 312504 --- [appUser-service] [           main] org.hibernate.type.BasicTypeRegistry     : Adding type registration java.util.Calendar -> org.hibernate.type.BasicTypeReference@c2cf597
2025-01-25T21:31:32.205+01:00 DEBUG 312504 --- [appUser-service] [           main] org.hibernate.type.BasicTypeRegistry     : Adding type registration java.util.GregorianCalendar -> org.hibernate.type.BasicTypeReference@c2cf597
2025-01-25T21:31:32.205+01:00 DEBUG 312504 --- [appUser-service] [           main] org.hibernate.type.BasicTypeRegistry     : Adding type registration calendar_date -> org.hibernate.type.BasicTypeReference@724bf25f
2025-01-25T21:31:32.205+01:00 DEBUG 312504 --- [appUser-service] [           main] org.hibernate.type.BasicTypeRegistry     : Adding type registration calendar_time -> org.hibernate.type.BasicTypeReference@2abafa97
2025-01-25T21:31:32.205+01:00 DEBUG 312504 --- [appUser-service] [           main] org.hibernate.type.BasicTypeRegistry     : Adding type registration instant -> org.hibernate.type.BasicTypeReference@6f6cc7da
2025-01-25T21:31:32.205+01:00 DEBUG 312504 --- [appUser-service] [           main] org.hibernate.type.BasicTypeRegistry     : Adding type registration java.time.Instant -> org.hibernate.type.BasicTypeReference@6f6cc7da
2025-01-25T21:31:32.205+01:00 DEBUG 312504 --- [appUser-service] [           main] org.hibernate.type.BasicTypeRegistry     : Adding type registration uuid -> org.hibernate.type.BasicTypeReference@40717ed
2025-01-25T21:31:32.205+01:00 DEBUG 312504 --- [appUser-service] [           main] org.hibernate.type.BasicTypeRegistry     : Adding type registration java.util.UUID -> org.hibernate.type.BasicTypeReference@40717ed
2025-01-25T21:31:32.205+01:00 DEBUG 312504 --- [appUser-service] [           main] org.hibernate.type.BasicTypeRegistry     : Adding type registration pg-uuid -> org.hibernate.type.BasicTypeReference@40717ed
2025-01-25T21:31:32.205+01:00 DEBUG 312504 --- [appUser-service] [           main] org.hibernate.type.BasicTypeRegistry     : Adding type registration uuid-binary -> org.hibernate.type.BasicTypeReference@29f3c438
2025-01-25T21:31:32.205+01:00 DEBUG 312504 --- [appUser-service] [           main] org.hibernate.type.BasicTypeRegistry     : Adding type registration uuid-char -> org.hibernate.type.BasicTypeReference@5460edd3
2025-01-25T21:31:32.205+01:00 DEBUG 312504 --- [appUser-service] [           main] org.hibernate.type.BasicTypeRegistry     : Adding type registration class -> org.hibernate.type.BasicTypeReference@5dbbb292
2025-01-25T21:31:32.205+01:00 DEBUG 312504 --- [appUser-service] [           main] org.hibernate.type.BasicTypeRegistry     : Adding type registration java.lang.Class -> org.hibernate.type.BasicTypeReference@5dbbb292
2025-01-25T21:31:32.206+01:00 DEBUG 312504 --- [appUser-service] [           main] org.hibernate.type.BasicTypeRegistry     : Adding type registration currency -> org.hibernate.type.BasicTypeReference@613f7eb7
2025-01-25T21:31:32.206+01:00 DEBUG 312504 --- [appUser-service] [           main] org.hibernate.type.BasicTypeRegistry     : Adding type registration Currency -> org.hibernate.type.BasicTypeReference@613f7eb7
2025-01-25T21:31:32.206+01:00 DEBUG 312504 --- [appUser-service] [           main] org.hibernate.type.BasicTypeRegistry     : Adding type registration java.util.Currency -> org.hibernate.type.BasicTypeReference@613f7eb7
2025-01-25T21:31:32.206+01:00 DEBUG 312504 --- [appUser-service] [           main] org.hibernate.type.BasicTypeRegistry     : Adding type registration locale -> org.hibernate.type.BasicTypeReference@565aa4ac
2025-01-25T21:31:32.206+01:00 DEBUG 312504 --- [appUser-service] [           main] org.hibernate.type.BasicTypeRegistry     : Adding type registration java.util.Locale -> org.hibernate.type.BasicTypeReference@565aa4ac
2025-01-25T21:31:32.206+01:00 DEBUG 312504 --- [appUser-service] [           main] org.hibernate.type.BasicTypeRegistry     : Adding type registration serializable -> org.hibernate.type.BasicTypeReference@587c5c1
2025-01-25T21:31:32.206+01:00 DEBUG 312504 --- [appUser-service] [           main] org.hibernate.type.BasicTypeRegistry     : Adding type registration java.io.Serializable -> org.hibernate.type.BasicTypeReference@587c5c1
2025-01-25T21:31:32.206+01:00 DEBUG 312504 --- [appUser-service] [           main] org.hibernate.type.BasicTypeRegistry     : Adding type registration timezone -> org.hibernate.type.BasicTypeReference@528c8c1
2025-01-25T21:31:32.206+01:00 DEBUG 312504 --- [appUser-service] [           main] org.hibernate.type.BasicTypeRegistry     : Adding type registration java.util.TimeZone -> org.hibernate.type.BasicTypeReference@528c8c1
2025-01-25T21:31:32.206+01:00 DEBUG 312504 --- [appUser-service] [           main] org.hibernate.type.BasicTypeRegistry     : Adding type registration ZoneOffset -> org.hibernate.type.BasicTypeReference@1f78d415
2025-01-25T21:31:32.206+01:00 DEBUG 312504 --- [appUser-service] [           main] org.hibernate.type.BasicTypeRegistry     : Adding type registration java.time.ZoneOffset -> org.hibernate.type.BasicTypeReference@1f78d415
2025-01-25T21:31:32.206+01:00 DEBUG 312504 --- [appUser-service] [           main] org.hibernate.type.BasicTypeRegistry     : Adding type registration url -> org.hibernate.type.BasicTypeReference@1c046c92
2025-01-25T21:31:32.206+01:00 DEBUG 312504 --- [appUser-service] [           main] org.hibernate.type.BasicTypeRegistry     : Adding type registration java.net.URL -> org.hibernate.type.BasicTypeReference@1c046c92
2025-01-25T21:31:32.207+01:00 DEBUG 312504 --- [appUser-service] [           main] org.hibernate.type.BasicTypeRegistry     : Adding type registration vector -> org.hibernate.type.BasicTypeReference@27960b1e
2025-01-25T21:31:32.207+01:00 DEBUG 312504 --- [appUser-service] [           main] org.hibernate.type.BasicTypeRegistry     : Adding type registration float_vector -> org.hibernate.type.BasicTypeReference@643ba1ed
2025-01-25T21:31:32.207+01:00 DEBUG 312504 --- [appUser-service] [           main] org.hibernate.type.BasicTypeRegistry     : Adding type registration double_vector -> org.hibernate.type.BasicTypeReference@3d3a1903
2025-01-25T21:31:32.207+01:00 DEBUG 312504 --- [appUser-service] [           main] org.hibernate.type.BasicTypeRegistry     : Adding type registration byte_vector -> org.hibernate.type.BasicTypeReference@26582ca
2025-01-25T21:31:32.207+01:00 DEBUG 312504 --- [appUser-service] [           main] org.hibernate.type.BasicTypeRegistry     : Adding type registration row_version -> org.hibernate.type.BasicTypeReference@153cb763
2025-01-25T21:31:32.210+01:00 DEBUG 312504 --- [appUser-service] [           main] org.hibernate.type.BasicTypeRegistry     : Adding type registration object -> org.hibernate.type.JavaObjectType@35cec305
2025-01-25T21:31:32.210+01:00 DEBUG 312504 --- [appUser-service] [           main] org.hibernate.type.BasicTypeRegistry     : Adding type registration java.lang.Object -> org.hibernate.type.JavaObjectType@35cec305
2025-01-25T21:31:32.210+01:00 DEBUG 312504 --- [appUser-service] [           main] org.hibernate.type.BasicTypeRegistry     : Adding type registration null -> org.hibernate.type.NullType@7f977fba
2025-01-25T21:31:32.210+01:00 DEBUG 312504 --- [appUser-service] [           main] org.hibernate.type.BasicTypeRegistry     : Adding type registration imm_date -> org.hibernate.type.BasicTypeReference@446e7065
2025-01-25T21:31:32.211+01:00 DEBUG 312504 --- [appUser-service] [           main] org.hibernate.type.BasicTypeRegistry     : Adding type registration imm_time -> org.hibernate.type.BasicTypeReference@d653e41
2025-01-25T21:31:32.211+01:00 DEBUG 312504 --- [appUser-service] [           main] org.hibernate.type.BasicTypeRegistry     : Adding type registration imm_timestamp -> org.hibernate.type.BasicTypeReference@3b78c683
2025-01-25T21:31:32.211+01:00 DEBUG 312504 --- [appUser-service] [           main] org.hibernate.type.BasicTypeRegistry     : Adding type registration imm_calendar -> org.hibernate.type.BasicTypeReference@7f5614f9
2025-01-25T21:31:32.211+01:00 DEBUG 312504 --- [appUser-service] [           main] org.hibernate.type.BasicTypeRegistry     : Adding type registration imm_calendar_date -> org.hibernate.type.BasicTypeReference@480cbe2e
2025-01-25T21:31:32.211+01:00 DEBUG 312504 --- [appUser-service] [           main] org.hibernate.type.BasicTypeRegistry     : Adding type registration imm_calendar_time -> org.hibernate.type.BasicTypeReference@6c3f1658
2025-01-25T21:31:32.211+01:00 DEBUG 312504 --- [appUser-service] [           main] org.hibernate.type.BasicTypeRegistry     : Adding type registration imm_binary -> org.hibernate.type.BasicTypeReference@110e9982
2025-01-25T21:31:32.211+01:00 DEBUG 312504 --- [appUser-service] [           main] org.hibernate.type.BasicTypeRegistry     : Adding type registration imm_serializable -> org.hibernate.type.BasicTypeReference@5eb0a686
2025-01-25T21:31:32.214+01:00 DEBUG 312504 --- [appUser-service] [           main] o.h.boot.internal.BootstrapContextImpl   : Injecting JPA temp ClassLoader [org.springframework.instrument.classloading.SimpleThrowawayClassLoader@3086f480] into BootstrapContext; was [null]
2025-01-25T21:31:32.214+01:00 DEBUG 312504 --- [appUser-service] [           main] o.h.boot.internal.ClassLoaderAccessImpl  : ClassLoaderAccessImpl#injectTempClassLoader(org.springframework.instrument.classloading.SimpleThrowawayClassLoader@3086f480) [was null]
2025-01-25T21:31:32.214+01:00 DEBUG 312504 --- [appUser-service] [           main] o.h.boot.internal.BootstrapContextImpl   : Injecting ScanEnvironment [org.hibernate.jpa.boot.internal.StandardJpaScanEnvironmentImpl@11c78080] into BootstrapContext; was [null]
2025-01-25T21:31:32.214+01:00 DEBUG 312504 --- [appUser-service] [           main] o.h.boot.internal.BootstrapContextImpl   : Injecting ScanOptions [org.hibernate.boot.archive.scan.internal.StandardScanOptions@662be9f7] into BootstrapContext; was [org.hibernate.boot.archive.scan.internal.StandardScanOptions@4962b41e]
2025-01-25T21:31:32.352+01:00  INFO 312504 --- [appUser-service] [           main] o.s.o.j.p.SpringPersistenceUnitInfo      : No LoadTimeWeaver setup: ignoring JPA class transformer
2025-01-25T21:31:32.353+01:00 DEBUG 312504 --- [appUser-service] [           main] o.h.boot.internal.BootstrapContextImpl   : Injecting JPA temp ClassLoader [null] into BootstrapContext; was [org.springframework.instrument.classloading.SimpleThrowawayClassLoader@3086f480]
2025-01-25T21:31:32.353+01:00 DEBUG 312504 --- [appUser-service] [           main] o.h.boot.internal.ClassLoaderAccessImpl  : ClassLoaderAccessImpl#injectTempClassLoader(null) [was org.springframework.instrument.classloading.SimpleThrowawayClassLoader@3086f480]
2025-01-25T21:31:32.376+01:00 DEBUG 312504 --- [appUser-service] [           main] com.zaxxer.hikari.HikariConfig           : HikariPool-1 - configuration:
2025-01-25T21:31:32.380+01:00 DEBUG 312504 --- [appUser-service] [           main] com.zaxxer.hikari.HikariConfig           : allowPoolSuspension.............false
2025-01-25T21:31:32.380+01:00 DEBUG 312504 --- [appUser-service] [           main] com.zaxxer.hikari.HikariConfig           : autoCommit......................true
2025-01-25T21:31:32.380+01:00 DEBUG 312504 --- [appUser-service] [           main] com.zaxxer.hikari.HikariConfig           : catalog.........................none
2025-01-25T21:31:32.381+01:00 DEBUG 312504 --- [appUser-service] [           main] com.zaxxer.hikari.HikariConfig           : connectionInitSql...............none
2025-01-25T21:31:32.381+01:00 DEBUG 312504 --- [appUser-service] [           main] com.zaxxer.hikari.HikariConfig           : connectionTestQuery.............none
2025-01-25T21:31:32.381+01:00 DEBUG 312504 --- [appUser-service] [           main] com.zaxxer.hikari.HikariConfig           : connectionTimeout...............30000
2025-01-25T21:31:32.381+01:00 DEBUG 312504 --- [appUser-service] [           main] com.zaxxer.hikari.HikariConfig           : dataSource......................none
2025-01-25T21:31:32.381+01:00 DEBUG 312504 --- [appUser-service] [           main] com.zaxxer.hikari.HikariConfig           : dataSourceClassName.............none
2025-01-25T21:31:32.381+01:00 DEBUG 312504 --- [appUser-service] [           main] com.zaxxer.hikari.HikariConfig           : dataSourceJNDI..................none
2025-01-25T21:31:32.381+01:00 DEBUG 312504 --- [appUser-service] [           main] com.zaxxer.hikari.HikariConfig           : dataSourceProperties............{password=<masked>}
2025-01-25T21:31:32.382+01:00 DEBUG 312504 --- [appUser-service] [           main] com.zaxxer.hikari.HikariConfig           : driverClassName................."org.h2.Driver"
2025-01-25T21:31:32.382+01:00 DEBUG 312504 --- [appUser-service] [           main] com.zaxxer.hikari.HikariConfig           : exceptionOverrideClassName......none
2025-01-25T21:31:32.382+01:00 DEBUG 312504 --- [appUser-service] [           main] com.zaxxer.hikari.HikariConfig           : healthCheckProperties...........{}
2025-01-25T21:31:32.382+01:00 DEBUG 312504 --- [appUser-service] [           main] com.zaxxer.hikari.HikariConfig           : healthCheckRegistry.............none
2025-01-25T21:31:32.382+01:00 DEBUG 312504 --- [appUser-service] [           main] com.zaxxer.hikari.HikariConfig           : idleTimeout.....................600000
2025-01-25T21:31:32.382+01:00 DEBUG 312504 --- [appUser-service] [           main] com.zaxxer.hikari.HikariConfig           : initializationFailTimeout.......1
2025-01-25T21:31:32.382+01:00 DEBUG 312504 --- [appUser-service] [           main] com.zaxxer.hikari.HikariConfig           : isolateInternalQueries..........false
2025-01-25T21:31:32.382+01:00 DEBUG 312504 --- [appUser-service] [           main] com.zaxxer.hikari.HikariConfig           : jdbcUrl.........................jdbc:h2:mem:testdb;DB_CLOSE_DELAY=-1;DB_CLOSE_ON_EXIT=FALSE
2025-01-25T21:31:32.382+01:00 DEBUG 312504 --- [appUser-service] [           main] com.zaxxer.hikari.HikariConfig           : keepaliveTime...................0
2025-01-25T21:31:32.382+01:00 DEBUG 312504 --- [appUser-service] [           main] com.zaxxer.hikari.HikariConfig           : leakDetectionThreshold..........0
2025-01-25T21:31:32.382+01:00 DEBUG 312504 --- [appUser-service] [           main] com.zaxxer.hikari.HikariConfig           : maxLifetime.....................1800000
2025-01-25T21:31:32.382+01:00 DEBUG 312504 --- [appUser-service] [           main] com.zaxxer.hikari.HikariConfig           : maximumPoolSize.................10
2025-01-25T21:31:32.383+01:00 DEBUG 312504 --- [appUser-service] [           main] com.zaxxer.hikari.HikariConfig           : metricRegistry..................none
2025-01-25T21:31:32.383+01:00 DEBUG 312504 --- [appUser-service] [           main] com.zaxxer.hikari.HikariConfig           : metricsTrackerFactory...........none
2025-01-25T21:31:32.383+01:00 DEBUG 312504 --- [appUser-service] [           main] com.zaxxer.hikari.HikariConfig           : minimumIdle.....................10
2025-01-25T21:31:32.383+01:00 DEBUG 312504 --- [appUser-service] [           main] com.zaxxer.hikari.HikariConfig           : password........................<masked>
2025-01-25T21:31:32.383+01:00 DEBUG 312504 --- [appUser-service] [           main] com.zaxxer.hikari.HikariConfig           : poolName........................"HikariPool-1"
2025-01-25T21:31:32.383+01:00 DEBUG 312504 --- [appUser-service] [           main] com.zaxxer.hikari.HikariConfig           : readOnly........................false
2025-01-25T21:31:32.383+01:00 DEBUG 312504 --- [appUser-service] [           main] com.zaxxer.hikari.HikariConfig           : registerMbeans..................false
2025-01-25T21:31:32.383+01:00 DEBUG 312504 --- [appUser-service] [           main] com.zaxxer.hikari.HikariConfig           : scheduledExecutor...............none
2025-01-25T21:31:32.383+01:00 DEBUG 312504 --- [appUser-service] [           main] com.zaxxer.hikari.HikariConfig           : schema..........................none
2025-01-25T21:31:32.383+01:00 DEBUG 312504 --- [appUser-service] [           main] com.zaxxer.hikari.HikariConfig           : threadFactory...................internal
2025-01-25T21:31:32.383+01:00 DEBUG 312504 --- [appUser-service] [           main] com.zaxxer.hikari.HikariConfig           : transactionIsolation............default
2025-01-25T21:31:32.383+01:00 DEBUG 312504 --- [appUser-service] [           main] com.zaxxer.hikari.HikariConfig           : username........................"sa"
2025-01-25T21:31:32.383+01:00 DEBUG 312504 --- [appUser-service] [           main] com.zaxxer.hikari.HikariConfig           : validationTimeout...............5000
2025-01-25T21:31:32.384+01:00  INFO 312504 --- [appUser-service] [           main] com.zaxxer.hikari.HikariDataSource       : HikariPool-1 - Starting...
2025-01-25T21:31:32.510+01:00  INFO 312504 --- [appUser-service] [           main] com.zaxxer.hikari.pool.HikariPool        : HikariPool-1 - Added connection conn0: url=jdbc:h2:mem:testdb user=SA
2025-01-25T21:31:32.512+01:00  INFO 312504 --- [appUser-service] [           main] com.zaxxer.hikari.HikariDataSource       : HikariPool-1 - Start completed.
2025-01-25T21:31:32.517+01:00 DEBUG 312504 --- [appUser-service] [           main] o.h.e.j.e.i.JdbcEnvironmentInitiator     : Database ->
	   name : H2
	version : 2.3.232 (2024-08-11)
	  major : 2
	  minor : 3
2025-01-25T21:31:32.517+01:00 DEBUG 312504 --- [appUser-service] [           main] o.h.e.j.e.i.JdbcEnvironmentInitiator     : Driver ->
	   name : H2 JDBC Driver
	version : 2.3.232 (2024-08-11)
	  major : 2
	  minor : 3
2025-01-25T21:31:32.517+01:00 DEBUG 312504 --- [appUser-service] [           main] o.h.e.j.e.i.JdbcEnvironmentInitiator     : JDBC version : 4.3
2025-01-25T21:31:32.529+01:00  WARN 312504 --- [appUser-service] [           main] org.hibernate.orm.deprecation            : HHH90000025: H2Dialect does not need to be specified explicitly using 'hibernate.dialect' (remove the property setting and it will be selected by default)
2025-01-25T21:31:32.529+01:00 DEBUG 312504 --- [appUser-service] [           main] org.hibernate.orm.dialect                : HHH035001: Using dialect: org.hibernate.dialect.H2Dialect, version: 2.3.232
2025-01-25T21:31:32.531+01:00 DEBUG 312504 --- [appUser-service] [           main] o.h.e.j.env.spi.IdentifierHelperBuilder  : JDBC driver metadata reported database stores quoted identifiers in neither upper, lower nor mixed case
2025-01-25T21:31:32.549+01:00  INFO 312504 --- [appUser-service] [           main] org.hibernate.orm.connections.pooling    : HHH10001005: Database info:
	Database JDBC URL [Connecting through datasource 'HikariDataSource (HikariPool-1)']
	Database driver: undefined/unknown
	Database version: 2.3.232
	Autocommit mode: undefined/unknown
	Isolation level: undefined/unknown
	Minimum pool size: undefined/unknown
	Maximum pool size: undefined/unknown
2025-01-25T21:31:32.556+01:00 DEBUG 312504 --- [appUser-service] [           main] o.h.t.d.jdbc.spi.JdbcTypeRegistry        : addDescriptor(NCharTypeDescriptor) replaced previous registration(CharTypeDescriptor)
2025-01-25T21:31:32.556+01:00 DEBUG 312504 --- [appUser-service] [           main] o.h.t.d.jdbc.spi.JdbcTypeRegistry        : addDescriptor(NVarcharTypeDescriptor) replaced previous registration(VarcharTypeDescriptor)
2025-01-25T21:31:32.557+01:00 DEBUG 312504 --- [appUser-service] [           main] o.h.t.d.jdbc.spi.JdbcTypeRegistry        : addDescriptor(LongNVarcharTypeDescriptor) replaced previous registration(LongVarcharTypeDescriptor)
2025-01-25T21:31:32.558+01:00 DEBUG 312504 --- [appUser-service] [           main] o.h.t.d.jdbc.spi.JdbcTypeRegistry        : addDescriptor(NClobTypeDescriptor(DEFAULT)) replaced previous registration(ClobTypeDescriptor(DEFAULT))
2025-01-25T21:31:32.559+01:00 DEBUG 312504 --- [appUser-service] [           main] o.h.t.d.jdbc.spi.JdbcTypeRegistry        : addDescriptor(TimestampUtcDescriptor) replaced previous registration(TimestampUtcDescriptor)
2025-01-25T21:31:32.563+01:00 DEBUG 312504 --- [appUser-service] [           main] org.hibernate.type.BasicTypeRegistry     : Adding type registration org.hibernate.type.DurationType -> basicType@1(java.time.Duration,3015)
2025-01-25T21:31:32.563+01:00 DEBUG 312504 --- [appUser-service] [           main] org.hibernate.type.BasicTypeRegistry     : Adding type registration Duration -> basicType@1(java.time.Duration,3015)
2025-01-25T21:31:32.563+01:00 DEBUG 312504 --- [appUser-service] [           main] org.hibernate.type.BasicTypeRegistry     : Adding type registration java.time.Duration -> basicType@1(java.time.Duration,3015)
2025-01-25T21:31:32.566+01:00 DEBUG 312504 --- [appUser-service] [           main] o.h.type.spi.TypeConfiguration$Scope     : Scoping TypeConfiguration [org.hibernate.type.spi.TypeConfiguration@3b30eec5] to MetadataBuildingContext [org.hibernate.boot.internal.MetadataBuildingContextRootImpl@43755e2f]
2025-01-25T21:31:32.588+01:00 DEBUG 312504 --- [appUser-service] [           main] o.h.boot.model.relational.Namespace      : Created database namespace [logicalName=Name{catalog=null, schema=null}, physicalName=Name{catalog=null, schema=null}]
2025-01-25T21:31:32.602+01:00 DEBUG 312504 --- [appUser-service] [           main] o.h.boot.model.internal.EntityBinder     : Binding entity from annotated class: com.fact.user_service.model.AppUser
2025-01-25T21:31:32.607+01:00 DEBUG 312504 --- [appUser-service] [           main] o.h.boot.model.internal.EntityBinder     : Import with entity name AppUser
2025-01-25T21:31:32.612+01:00 DEBUG 312504 --- [appUser-service] [l-1 housekeeper] com.zaxxer.hikari.pool.HikariPool        : HikariPool-1 - Pool stats (total=1, active=0, idle=1, waiting=0)
2025-01-25T21:31:32.612+01:00 DEBUG 312504 --- [appUser-service] [           main] o.h.boot.model.internal.EntityBinder     : Bind entity com.fact.user_service.model.AppUser on table app_user
2025-01-25T21:31:32.613+01:00 DEBUG 312504 --- [appUser-service] [onnection adder] com.zaxxer.hikari.pool.HikariPool        : HikariPool-1 - Added connection conn1: url=jdbc:h2:mem:testdb user=SA
2025-01-25T21:31:32.619+01:00 DEBUG 312504 --- [appUser-service] [           main] o.h.boot.model.internal.AnnotatedColumn  : Binding column: AnnotatedDiscriminatorColumn(column='DTYPE')
2025-01-25T21:31:32.629+01:00 DEBUG 312504 --- [appUser-service] [           main] o.h.boot.model.internal.AnnotatedColumn  : Binding column: AnnotatedColumn()
2025-01-25T21:31:32.630+01:00 DEBUG 312504 --- [appUser-service] [           main] o.h.boot.internal.ClassLoaderAccessImpl  : Not known whether passed class name [com.fact.user_service.model.AppUser] is safe
2025-01-25T21:31:32.630+01:00 DEBUG 312504 --- [appUser-service] [           main] o.h.boot.internal.ClassLoaderAccessImpl  : No temp ClassLoader provided; using live ClassLoader for loading potentially unsafe class : com.fact.user_service.model.AppUser
2025-01-25T21:31:32.633+01:00 DEBUG 312504 --- [appUser-service] [           main] o.h.boot.model.internal.PropertyBinder   : MetadataSourceProcessor property id with lazy=false
2025-01-25T21:31:32.636+01:00 DEBUG 312504 --- [appUser-service] [           main] o.h.b.m.internal.AbstractPropertyHolder  : Attempting to locate auto-apply AttributeConverter for property [com.fact.user_service.model.AppUser:id]
2025-01-25T21:31:32.640+01:00 DEBUG 312504 --- [appUser-service] [           main] o.h.b.model.internal.BasicValueBinder    : building BasicValue for id
2025-01-25T21:31:32.643+01:00 DEBUG 312504 --- [appUser-service] [           main] org.hibernate.mapping.BasicValue         : Skipping column re-registration: app_user.id
2025-01-25T21:31:32.643+01:00 DEBUG 312504 --- [appUser-service] [onnection adder] com.zaxxer.hikari.pool.HikariPool        : HikariPool-1 - After adding stats (total=2, active=0, idle=2, waiting=0)
2025-01-25T21:31:32.643+01:00 DEBUG 312504 --- [appUser-service] [           main] o.h.boot.model.internal.PropertyBinder   : Building property id
2025-01-25T21:31:32.644+01:00 DEBUG 312504 --- [appUser-service] [onnection adder] com.zaxxer.hikari.pool.HikariPool        : HikariPool-1 - Added connection conn2: url=jdbc:h2:mem:testdb user=SA
2025-01-25T21:31:32.646+01:00 DEBUG 312504 --- [appUser-service] [           main] o.h.boot.model.internal.BinderHelper     : #makeIdGenerator(BasicValue([Column(id)]), id, org.hibernate.id.enhanced.SequenceStyleGenerator, , ...)
2025-01-25T21:31:32.647+01:00 DEBUG 312504 --- [appUser-service] [           main] o.h.boot.model.internal.AnnotatedColumn  : Binding column: AnnotatedColumn()
2025-01-25T21:31:32.647+01:00 DEBUG 312504 --- [appUser-service] [           main] o.h.boot.model.internal.PropertyBinder   : MetadataSourceProcessor property email with lazy=false
2025-01-25T21:31:32.647+01:00 DEBUG 312504 --- [appUser-service] [           main] o.h.b.m.internal.AbstractPropertyHolder  : Attempting to locate auto-apply AttributeConverter for property [com.fact.user_service.model.AppUser:email]
2025-01-25T21:31:32.647+01:00 DEBUG 312504 --- [appUser-service] [           main] o.h.b.model.internal.BasicValueBinder    : building BasicValue for email
2025-01-25T21:31:32.648+01:00 DEBUG 312504 --- [appUser-service] [           main] org.hibernate.mapping.BasicValue         : Skipping column re-registration: app_user.email
2025-01-25T21:31:32.648+01:00 DEBUG 312504 --- [appUser-service] [           main] o.h.boot.model.internal.PropertyBinder   : Building property email
2025-01-25T21:31:32.648+01:00 DEBUG 312504 --- [appUser-service] [           main] o.h.boot.model.internal.AnnotatedColumn  : Binding column: AnnotatedColumn()
2025-01-25T21:31:32.649+01:00 DEBUG 312504 --- [appUser-service] [           main] o.h.boot.model.internal.PropertyBinder   : MetadataSourceProcessor property password with lazy=false
2025-01-25T21:31:32.649+01:00 DEBUG 312504 --- [appUser-service] [           main] o.h.b.m.internal.AbstractPropertyHolder  : Attempting to locate auto-apply AttributeConverter for property [com.fact.user_service.model.AppUser:password]
2025-01-25T21:31:32.649+01:00 DEBUG 312504 --- [appUser-service] [           main] o.h.b.model.internal.BasicValueBinder    : building BasicValue for password
2025-01-25T21:31:32.649+01:00 DEBUG 312504 --- [appUser-service] [           main] org.hibernate.mapping.BasicValue         : Skipping column re-registration: app_user.password
2025-01-25T21:31:32.649+01:00 DEBUG 312504 --- [appUser-service] [           main] o.h.boot.model.internal.PropertyBinder   : Building property password
2025-01-25T21:31:32.649+01:00 DEBUG 312504 --- [appUser-service] [           main] o.h.boot.model.internal.AnnotatedColumn  : Binding column: AnnotatedColumn()
2025-01-25T21:31:32.649+01:00 DEBUG 312504 --- [appUser-service] [           main] o.h.boot.model.internal.PropertyBinder   : MetadataSourceProcessor property username with lazy=false
2025-01-25T21:31:32.649+01:00 DEBUG 312504 --- [appUser-service] [           main] o.h.b.m.internal.AbstractPropertyHolder  : Attempting to locate auto-apply AttributeConverter for property [com.fact.user_service.model.AppUser:username]
2025-01-25T21:31:32.649+01:00 DEBUG 312504 --- [appUser-service] [           main] o.h.b.model.internal.BasicValueBinder    : building BasicValue for username
2025-01-25T21:31:32.649+01:00 DEBUG 312504 --- [appUser-service] [           main] org.hibernate.mapping.BasicValue         : Skipping column re-registration: app_user.username
2025-01-25T21:31:32.649+01:00 DEBUG 312504 --- [appUser-service] [           main] o.h.boot.model.internal.PropertyBinder   : Building property username
2025-01-25T21:31:32.651+01:00 DEBUG 312504 --- [appUser-service] [           main] o.h.b.r.c.i.ClassLoaderServiceImpl       : HHH000194: Package not found or no package-info.java: com.fact.user_service.model
2025-01-25T21:31:32.654+01:00 DEBUG 312504 --- [appUser-service] [           main] o.h.b.model.internal.BasicValueBinder    : Starting `BasicValueBinder#fillSimpleValue` for id
2025-01-25T21:31:32.655+01:00 DEBUG 312504 --- [appUser-service] [           main] o.h.b.model.internal.BasicValueBinder    : Starting `BasicValueBinder#fillSimpleValue` for email
2025-01-25T21:31:32.655+01:00 DEBUG 312504 --- [appUser-service] [           main] o.h.b.model.internal.BasicValueBinder    : Starting `BasicValueBinder#fillSimpleValue` for password
2025-01-25T21:31:32.656+01:00 DEBUG 312504 --- [appUser-service] [           main] o.h.b.model.internal.BasicValueBinder    : Starting `BasicValueBinder#fillSimpleValue` for username
2025-01-25T21:31:32.659+01:00 DEBUG 312504 --- [appUser-service] [           main] org.hibernate.mapping.PrimaryKey         : Forcing column [id] to be non-null as it is part of the primary key for table [app_user]
2025-01-25T21:31:32.674+01:00 DEBUG 312504 --- [appUser-service] [onnection adder] com.zaxxer.hikari.pool.HikariPool        : HikariPool-1 - After adding stats (total=3, active=0, idle=3, waiting=0)
2025-01-25T21:31:32.675+01:00 DEBUG 312504 --- [appUser-service] [onnection adder] com.zaxxer.hikari.pool.HikariPool        : HikariPool-1 - Added connection conn3: url=jdbc:h2:mem:testdb user=SA
2025-01-25T21:31:32.705+01:00 DEBUG 312504 --- [appUser-service] [           main] o.hibernate.internal.SessionFactoryImpl  : Building session factory
2025-01-25T21:31:32.706+01:00 DEBUG 312504 --- [appUser-service] [onnection adder] com.zaxxer.hikari.pool.HikariPool        : HikariPool-1 - After adding stats (total=4, active=0, idle=4, waiting=0)
2025-01-25T21:31:32.707+01:00 DEBUG 312504 --- [appUser-service] [onnection adder] com.zaxxer.hikari.pool.HikariPool        : HikariPool-1 - Added connection conn4: url=jdbc:h2:mem:testdb user=SA
2025-01-25T21:31:32.737+01:00 DEBUG 312504 --- [appUser-service] [onnection adder] com.zaxxer.hikari.pool.HikariPool        : HikariPool-1 - After adding stats (total=5, active=0, idle=5, waiting=0)
2025-01-25T21:31:32.738+01:00 DEBUG 312504 --- [appUser-service] [onnection adder] com.zaxxer.hikari.pool.HikariPool        : HikariPool-1 - Added connection conn5: url=jdbc:h2:mem:testdb user=SA
2025-01-25T21:31:32.739+01:00 DEBUG 312504 --- [appUser-service] [           main] .h.s.i.SessionFactoryServiceRegistryImpl : EventListenerRegistry access via ServiceRegistry is deprecated.  Use `sessionFactory.getEventEngine().getListenerRegistry()` instead
2025-01-25T21:31:32.740+01:00 DEBUG 312504 --- [appUser-service] [           main] o.hibernate.internal.SessionFactoryImpl  : Instantiating SessionFactory with settings: {java.specification.version=17, hibernate.resource.beans.container=org.springframework.orm.hibernate5.SpringBeanContainer@4c6fc3e7, hibernate.connection.handling_mode=DELAYED_ACQUISITION_AND_HOLD, sun.jnu.encoding=UTF-8, hibernate.dialect=org.hibernate.dialect.H2Dialect, hibernate.implicit_naming_strategy=org.springframework.boot.orm.jpa.hibernate.SpringImplicitNamingStrategy, java.class.path=/home/ahmed/Projects/wallet/user-service/target/test-classes:/home/ahmed/Projects/wallet/user-service/target/classes:/home/ahmed/.m2/repository/org/projectlombok/lombok/1.18.36/lombok-1.18.36.jar:/home/ahmed/.m2/repository/org/springframework/boot/spring-boot-starter-web/3.4.2/spring-boot-starter-web-3.4.2.jar:/home/ahmed/.m2/repository/org/springframework/boot/spring-boot-starter/3.4.2/spring-boot-starter-3.4.2.jar:/home/ahmed/.m2/repository/org/springframework/boot/spring-boot/3.4.2/spring-boot-3.4.2.jar:/home/ahmed/.m2/repository/org/springframework/boot/spring-boot-autoconfigure/3.4.2/spring-boot-autoconfigure-3.4.2.jar:/home/ahmed/.m2/repository/org/springframework/boot/spring-boot-starter-logging/3.4.2/spring-boot-starter-logging-3.4.2.jar:/home/ahmed/.m2/repository/ch/qos/logback/logback-classic/1.5.16/logback-classic-1.5.16.jar:/home/ahmed/.m2/repository/ch/qos/logback/logback-core/1.5.16/logback-core-1.5.16.jar:/home/ahmed/.m2/repository/org/apache/logging/log4j/log4j-to-slf4j/2.24.3/log4j-to-slf4j-2.24.3.jar:/home/ahmed/.m2/repository/org/apache/logging/log4j/log4j-api/2.24.3/log4j-api-2.24.3.jar:/home/ahmed/.m2/repository/org/slf4j/jul-to-slf4j/2.0.16/jul-to-slf4j-2.0.16.jar:/home/ahmed/.m2/repository/jakarta/annotation/jakarta.annotation-api/2.1.1/jakarta.annotation-api-2.1.1.jar:/home/ahmed/.m2/repository/org/yaml/snakeyaml/2.3/snakeyaml-2.3.jar:/home/ahmed/.m2/repository/org/springframework/boot/spring-boot-starter-json/3.4.2/spring-boot-starter-json-3.4.2.jar:/home/ahmed/.m2/repository/com/fasterxml/jackson/datatype/jackson-datatype-jdk8/2.18.2/jackson-datatype-jdk8-2.18.2.jar:/home/ahmed/.m2/repository/com/fasterxml/jackson/datatype/jackson-datatype-jsr310/2.18.2/jackson-datatype-jsr310-2.18.2.jar:/home/ahmed/.m2/repository/com/fasterxml/jackson/module/jackson-module-parameter-names/2.18.2
[...]
      Did not match:
         - @ConditionalOnClass did not find required class 'reactor.core.publisher.Flux' (OnClassCondition)

   ReactiveUserDetailsServiceAutoConfiguration:
      Did not match:
         - AnyNestedCondition 0 matched 2 did not; NestedCondition on ReactiveUserDetailsServiceAutoConfiguration.RSocketEnabledOrReactiveWebApplication.ReactiveWebApplicationCondition did not find reactive web application classes; NestedCondition on ReactiveUserDetailsServiceAutoConfiguration.RSocketEnabledOrReactiveWebApplication.RSocketSecurityEnabledCondition @ConditionalOnBean (types: org.springframework.messaging.rsocket.annotation.support.RSocketMessageHandler; SearchStrategy: all) did not find any beans of type org.springframework.messaging.rsocket.annotation.support.RSocketMessageHandler (ReactiveUserDetailsServiceAutoConfiguration.RSocketEnabledOrReactiveWebApplication)
      Matched:
         - @ConditionalOnClass found required class 'org.springframework.security.authentication.ReactiveAuthenticationManager' (OnClassCondition)
         - AnyNestedCondition 1 matched 2 did not; NestedCondition on ReactiveUserDetailsServiceAutoConfiguration.MissingAlternativeOrUserPropertiesConfigured.PasswordConfigured @ConditionalOnProperty (spring.security.user.password) did not find property 'password'; NestedCondition on ReactiveUserDetailsServiceAutoConfiguration.MissingAlternativeOrUserPropertiesConfigured.NameConfigured @ConditionalOnProperty (spring.security.user.name) did not find property 'name'; NestedCondition on ReactiveUserDetailsServiceAutoConfiguration.MissingAlternativeOrUserPropertiesConfigured.MissingAlternative @ConditionalOnMissingClass did not find unwanted classes 'org.springframework.security.oauth2.client.registration.ClientRegistrationRepository', 'org.springframework.security.oauth2.server.resource.introspection.ReactiveOpaqueTokenIntrospector' (ReactiveUserDetailsServiceAutoConfiguration.MissingAlternativeOrUserPropertiesConfigured)

   ReactiveWebServerFactoryAutoConfiguration:
      Did not match:
         - @ConditionalOnWebApplication did not find reactive web application classes (OnWebApplicationCondition)

   ReactorAutoConfiguration:
      Did not match:
         - @ConditionalOnClass did not find required class 'reactor.core.publisher.Hooks' (OnClassCondition)

   RedisAutoConfiguration:
      Did not match:
         - @ConditionalOnClass did not find required class 'org.springframework.data.redis.core.RedisOperations' (OnClassCondition)

   RedisCacheConfiguration:
      Did not match:
         - @ConditionalOnClass did not find required class 'org.springframework.data.redis.connection.RedisConnectionFactory' (OnClassCondition)

   RedisReactiveAutoConfiguration:
      Did not match:
         - @ConditionalOnClass did not find required class 'reactor.core.publisher.Flux' (OnClassCondition)

   RedisRepositoriesAutoConfiguration:
      Did not match:
         - @ConditionalOnClass did not find required class 'org.springframework.data.redis.repository.configuration.EnableRedisRepositories' (OnClassCondition)

   RepositoryRestMvcAutoConfiguration:
      Did not match:
         - @ConditionalOnClass did not find required class 'org.springframework.data.rest.webmvc.config.RepositoryRestMvcConfiguration' (OnClassCondition)

   Saml2RelyingPartyAutoConfiguration:
      Did not match:
         - @ConditionalOnClass did not find required class 'org.springframework.security.saml2.provider.service.registration.RelyingPartyRegistrationRepository' (OnClassCondition)

   SecurityFilterAutoConfiguration#securityFilterChainRegistration:
      Did not match:
         - @ConditionalOnBean (names: springSecurityFilterChain; SearchStrategy: all) did not find any beans named springSecurityFilterChain (OnBeanCondition)

   SendGridAutoConfiguration:
      Did not match:
         - @ConditionalOnClass did not find required class 'com.sendgrid.SendGrid' (OnClassCondition)

   ServletWebServerFactoryAutoConfiguration.ForwardedHeaderFilterConfiguration:
      Did not match:
         - @ConditionalOnProperty (server.forward-headers-strategy=framework) did not find property 'server.forward-headers-strategy' (OnPropertyCondition)

   ServletWebServerFactoryConfiguration.EmbeddedJetty:
      Did not match:
         - @ConditionalOnClass did not find required classes 'org.eclipse.jetty.server.Server', 'org.eclipse.jetty.util.Loader', 'org.eclipse.jetty.ee10.webapp.WebAppContext' (OnClassCondition)

   ServletWebServerFactoryConfiguration.EmbeddedUndertow:
      Did not match:
         - @ConditionalOnClass did not find required classes 'io.undertow.Undertow', 'org.xnio.SslClientAuthMode' (OnClassCondition)

   SessionAutoConfiguration:
      Did not match:
         - @ConditionalOnClass did not find required class 'org.springframework.session.Session' (OnClassCondition)

   SpringApplicationAdminJmxAutoConfiguration:
      Did not match:
         - @ConditionalOnProperty (spring.application.admin.enabled=true) did not find property 'enabled' (OnPropertyCondition)

   TaskExecutorConfigurations.SimpleAsyncTaskExecutorBuilderConfiguration#simpleAsyncTaskExecutorBuilderVirtualThreads:
      Did not match:
         - @ConditionalOnMissingBean (types: org.springframework.boot.task.SimpleAsyncTaskExecutorBuilder; SearchStrategy: all) found beans of type 'org.springframework.boot.task.SimpleAsyncTaskExecutorBuilder' simpleAsyncTaskExecutorBuilder (OnBeanCondition)

   TaskExecutorConfigurations.TaskExecutorConfiguration#applicationTaskExecutorVirtualThreads:
      Did not match:
         - @ConditionalOnThreading did not find VIRTUAL (OnThreadingCondition)

   TaskSchedulingAutoConfiguration#scheduledBeanLazyInitializationExcludeFilter:
      Did not match:
         - @ConditionalOnBean (names: org.springframework.context.annotation.internalScheduledAnnotationProcessor; SearchStrategy: all) did not find any beans named org.springframework.context.annotation.internalScheduledAnnotationProcessor (OnBeanCondition)

   TaskSchedulingConfigurations.SimpleAsyncTaskSchedulerBuilderConfiguration#simpleAsyncTaskSchedulerBuilderVirtualThreads:
      Did not match:
         - @ConditionalOnMissingBean (types: org.springframework.boot.task.SimpleAsyncTaskSchedulerBuilder; SearchStrategy: all) found beans of type 'org.springframework.boot.task.SimpleAsyncTaskSchedulerBuilder' simpleAsyncTaskSchedulerBuilder (OnBeanCondition)

   TaskSchedulingConfigurations.TaskSchedulerConfiguration:
      Did not match:
         - @ConditionalOnBean (names: org.springframework.context.annotation.internalScheduledAnnotationProcessor; SearchStrategy: all) did not find any beans named org.springframework.context.annotation.internalScheduledAnnotationProcessor (OnBeanCondition)

   ThymeleafAutoConfiguration:
      Did not match:
         - @ConditionalOnClass did not find required class 'org.thymeleaf.spring6.SpringTemplateEngine' (OnClassCondition)

   TransactionAutoConfiguration#transactionalOperator:
      Did not match:
         - @ConditionalOnSingleCandidate (types: org.springframework.transaction.ReactiveTransactionManager; SearchStrategy: all) did not find any beans (OnBeanCondition)

   TransactionAutoConfiguration.AspectJTransactionManagementConfiguration:
      Did not match:
         - @ConditionalOnBean (types: org.springframework.transaction.aspectj.AbstractTransactionAspect; SearchStrategy: all) did not find any beans of type org.springframework.transaction.aspectj.AbstractTransactionAspect (OnBeanCondition)

   TransactionAutoConfiguration.EnableTransactionManagementConfiguration.JdkDynamicAutoProxyConfiguration:
      Did not match:
         - @ConditionalOnProperty (spring.aop.proxy-target-class=false) did not find property 'proxy-target-class' (OnPropertyCondition)

   UserDetailsServiceAutoConfiguration:
      Did not match:
         - @ConditionalOnBean (types: org.springframework.security.config.ObjectPostProcessor; SearchStrategy: all) did not find any beans of type org.springframework.security.config.ObjectPostProcessor (OnBeanCondition)
      Matched:
         - @ConditionalOnClass found required class 'org.springframework.security.authentication.AuthenticationManager' (OnClassCondition)
         - found 'session' scope (OnWebApplicationCondition)
         - AnyNestedCondition 1 matched 2 did not; NestedCondition on UserDetailsServiceAutoConfiguration.MissingAlternativeOrUserPropertiesConfigured.PasswordConfigured @ConditionalOnProperty (spring.security.user.password) did not find property 'password'; NestedCondition on UserDetailsServiceAutoConfiguration.MissingAlternativeOrUserPropertiesConfigured.NameConfigured @ConditionalOnProperty (spring.security.user.name) did not find property 'name'; NestedCondition on UserDetailsServiceAutoConfiguration.MissingAlternativeOrUserPropertiesConfigured.MissingAlternative @ConditionalOnMissingClass did not find unwanted classes 'org.springframework.security.oauth2.client.registration.ClientRegistrationRepository', 'org.springframework.security.oauth2.server.resource.introspection.OpaqueTokenIntrospector', 'org.springframework.security.saml2.provider.service.registration.RelyingPartyRegistrationRepository' (UserDetailsServiceAutoConfiguration.MissingAlternativeOrUserPropertiesConfigured)

   ValidationAutoConfiguration:
      Did not match:
         - @ConditionalOnClass did not find required class 'jakarta.validation.executable.ExecutableValidator' (OnClassCondition)

   WebClientAutoConfiguration:
      Did not match:
         - @ConditionalOnClass did not find required class 'org.springframework.web.reactive.function.client.WebClient' (OnClassCondition)

   WebFluxAutoConfiguration:
      Did not match:
         - @ConditionalOnClass did not find required class 'org.springframework.web.reactive.config.WebFluxConfigurer' (OnClassCondition)

   WebMvcAutoConfiguration#hiddenHttpMethodFilter:
      Did not match:
         - @ConditionalOnProperty (spring.mvc.hiddenmethod.filter.enabled) did not find property 'enabled' (OnPropertyCondition)

   WebMvcAutoConfiguration.ProblemDetailsErrorHandlingConfiguration:
      Did not match:
         - @ConditionalOnProperty (spring.mvc.problemdetails.enabled=true) did not find property 'enabled' (OnPropertyCondition)

   WebMvcAutoConfiguration.ResourceChainCustomizerConfiguration:
      Did not match:
         - @ConditionalOnEnabledResourceChain did not find class org.webjars.WebJarVersionLocator (OnEnabledResourceChainCondition)

   WebMvcAutoConfiguration.WebMvcAutoConfigurationAdapter#beanNameViewResolver:
      Did not match:
         - @ConditionalOnMissingBean (types: org.springframework.web.servlet.view.BeanNameViewResolver; SearchStrategy: all) found beans of type 'org.springframework.web.servlet.view.BeanNameViewResolver' beanNameViewResolver (OnBeanCondition)

   WebServiceTemplateAutoConfiguration:
      Did not match:
         - @ConditionalOnClass did not find required class 'org.springframework.oxm.Marshaller' (OnClassCondition)

   WebServicesAutoConfiguration:
      Did not match:
         - @ConditionalOnClass did not find required class 'org.springframework.ws.transport.http.MessageDispatcherServlet' (OnClassCondition)

   WebSessionIdResolverAutoConfiguration:
      Did not match:
         - @ConditionalOnClass did not find required class 'reactor.core.publisher.Mono' (OnClassCondition)

   WebSocketMessagingAutoConfiguration:
      Did not match:
         - @ConditionalOnClass did not find required class 'org.springframework.web.socket.config.annotation.WebSocketMessageBrokerConfigurer' (OnClassCondition)

   WebSocketReactiveAutoConfiguration:
      Did not match:
         - @ConditionalOnWebApplication did not find reactive web application classes (OnWebApplicationCondition)

   WebSocketServletAutoConfiguration.JettyWebSocketConfiguration:
      Did not match:
         - @ConditionalOnClass did not find required class 'org.eclipse.jetty.ee10.websocket.jakarta.server.config.JakartaWebSocketServletContainerInitializer' (OnClassCondition)

   WebSocketServletAutoConfiguration.UndertowWebSocketConfiguration:
      Did not match:
         - @ConditionalOnClass did not find required class 'io.undertow.websockets.jsr.Bootstrap' (OnClassCondition)

   XADataSourceAutoConfiguration:
      Did not match:
         - @ConditionalOnBean (types: org.springframework.boot.jdbc.XADataSourceWrapper; SearchStrategy: all) did not find any beans of type org.springframework.boot.jdbc.XADataSourceWrapper (OnBeanCondition)
      Matched:
         - @ConditionalOnClass found required classes 'javax.sql.DataSource', 'jakarta.transaction.TransactionManager', 'org.springframework.jdbc.datasource.embedded.EmbeddedDatabaseType' (OnClassCondition)


Exclusions:
-----------

    org.springframework.boot.autoconfigure.security.servlet.SecurityAutoConfiguration


Unconditional classes:
----------------------

    org.springframework.boot.autoconfigure.context.ConfigurationPropertiesAutoConfiguration

    org.springframework.boot.autoconfigure.ssl.SslAutoConfiguration

    org.springframework.boot.autoconfigure.context.LifecycleAutoConfiguration

    org.springframework.boot.autoconfigure.context.PropertyPlaceholderAutoConfiguration

    org.springframework.boot.autoconfigure.availability.ApplicationAvailabilityAutoConfiguration

    org.springframework.boot.autoconfigure.info.ProjectInfoAutoConfiguration



2025-01-25T21:31:33.814+01:00  INFO 312504 --- [appUser-service] [           main] c.f.u.UserServiceApplicationTests        : Started UserServiceApplicationTests in 2.702 seconds (process running for 3.292)
2025-01-25T21:31:33.815+01:00 DEBUG 312504 --- [appUser-service] [           main] o.s.b.a.ApplicationAvailabilityBean      : Application availability state LivenessState changed to CORRECT
2025-01-25T21:31:33.817+01:00 DEBUG 312504 --- [appUser-service] [           main] o.s.b.a.ApplicationAvailabilityBean      : Application availability state ReadinessState changed to ACCEPTING_TRAFFIC
2025-01-25T21:31:33.818+01:00 DEBUG 312504 --- [appUser-service] [           main] org.springframework.test.context.cache   : Spring test ApplicationContext cache statistics: [DefaultContextCache@7c7a4986 size = 1, maxSize = 32, parentContextCount = 0, hitCount = 0, missCount = 1, failureCount = 0]
2025-01-25T21:31:33.818+01:00 DEBUG 312504 --- [appUser-service] [           main] o.s.t.c.w.ServletTestExecutionListener   : Setting up MockHttpServletRequest, MockHttpServletResponse, ServletWebRequest, and RequestContextHolder for test class com.fact.user_service.UserServiceApplicationTests
2025-01-25T21:31:33.825+01:00 DEBUG 312504 --- [appUser-service] [           main] DependencyInjectionTestExecutionListener : Performing dependency injection for test class com.fact.user_service.UserServiceApplicationTests
2025-01-25T21:31:33.825+01:00 DEBUG 312504 --- [appUser-service] [           main] org.springframework.test.context.cache   : Spring test ApplicationContext cache statistics: [DefaultContextCache@7c7a4986 size = 1, maxSize = 32, parentContextCount = 0, hitCount = 1, missCount = 1, failureCount = 0]
2025-01-25T21:31:33.826+01:00 DEBUG 312504 --- [appUser-service] [           main] org.springframework.test.context.cache   : Spring test ApplicationContext cache statistics: [DefaultContextCache@7c7a4986 size = 1, maxSize = 32, parentContextCount = 0, hitCount = 2, missCount = 1, failureCount = 0]
2025-01-25T21:31:33.829+01:00 DEBUG 312504 --- [appUser-service] [           main] sContextBeforeModesTestExecutionListener : Before test method: class [UserServiceApplicationTests], method [contextLoads], class annotated with @DirtiesContext [false] with mode [null], method annotated with @DirtiesContext [false] with mode [null]
2025-01-25T21:31:33.830+01:00 DEBUG 312504 --- [appUser-service] [           main] org.springframework.test.context.cache   : Spring test ApplicationContext cache statistics: [DefaultContextCache@7c7a4986 size = 1, maxSize = 32, parentContextCount = 0, hitCount = 3, missCount = 1, failureCount = 0]
2025-01-25T21:31:33.831+01:00 DEBUG 312504 --- [appUser-service] [           main] org.springframework.test.context.cache   : Spring test ApplicationContext cache statistics: [DefaultContextCache@7c7a4986 size = 1, maxSize = 32, parentContextCount = 0, hitCount = 4, missCount = 1, failureCount = 0]
2025-01-25T21:31:34.170+01:00 DEBUG 312504 --- [appUser-service] [           main] org.springframework.test.context.cache   : Spring test ApplicationContext cache statistics: [DefaultContextCache@7c7a4986 size = 1, maxSize = 32, parentContextCount = 0, hitCount = 5, missCount = 1, failureCount = 0]
2025-01-25T21:31:34.173+01:00 DEBUG 312504 --- [appUser-service] [           main] org.springframework.test.context.cache   : Spring test ApplicationContext cache statistics: [DefaultContextCache@7c7a4986 size = 1, maxSize = 32, parentContextCount = 0, hitCount = 6, missCount = 1, failureCount = 0]
2025-01-25T21:31:34.176+01:00 DEBUG 312504 --- [appUser-service] [           main] org.springframework.test.context.cache   : Spring test ApplicationContext cache statistics: [DefaultContextCache@7c7a4986 size = 1, maxSize = 32, parentContextCount = 0, hitCount = 7, missCount = 1, failureCount = 0]
2025-01-25T21:31:34.176+01:00 DEBUG 312504 --- [appUser-service] [           main] org.springframework.test.context.cache   : Spring test ApplicationContext cache statistics: [DefaultContextCache@7c7a4986 size = 1, maxSize = 32, parentContextCount = 0, hitCount = 8, missCount = 1, failureCount = 0]
2025-01-25T21:31:34.177+01:00 DEBUG 312504 --- [appUser-service] [           main] org.springframework.test.context.cache   : Spring test ApplicationContext cache statistics: [DefaultContextCache@7c7a4986 size = 1, maxSize = 32, parentContextCount = 0, hitCount = 9, missCount = 1, failureCount = 0]
2025-01-25T21:31:34.177+01:00 DEBUG 312504 --- [appUser-service] [           main] org.springframework.test.context.cache   : Spring test ApplicationContext cache statistics: [DefaultContextCache@7c7a4986 size = 1, maxSize = 32, parentContextCount = 0, hitCount = 10, missCount = 1, failureCount = 0]
2025-01-25T21:31:34.178+01:00 DEBUG 312504 --- [appUser-service] [           main] org.springframework.test.context.cache   : Spring test ApplicationContext cache statistics: [DefaultContextCache@7c7a4986 size = 1, maxSize = 32, parentContextCount = 0, hitCount = 11, missCount = 1, failureCount = 0]
2025-01-25T21:31:34.178+01:00 DEBUG 312504 --- [appUser-service] [           main] org.springframework.test.context.cache   : Spring test ApplicationContext cache statistics: [DefaultContextCache@7c7a4986 size = 1, maxSize = 32, parentContextCount = 0, hitCount = 12, missCount = 1, failureCount = 0]
2025-01-25T21:31:34.179+01:00 DEBUG 312504 --- [appUser-service] [           main] org.springframework.test.context.cache   : Spring test ApplicationContext cache statistics: [DefaultContextCache@7c7a4986 size = 1, maxSize = 32, parentContextCount = 0, hitCount = 13, missCount = 1, failureCount = 0]
2025-01-25T21:31:34.180+01:00 DEBUG 312504 --- [appUser-service] [           main] org.springframework.test.context.cache   : Spring test ApplicationContext cache statistics: [DefaultContextCache@7c7a4986 size = 1, maxSize = 32, parentContextCount = 0, hitCount = 14, missCount = 1, failureCount = 0]
2025-01-25T21:31:34.180+01:00 DEBUG 312504 --- [appUser-service] [           main] .c.s.DirtiesContextTestExecutionListener : After test method: class [UserServiceApplicationTests], method [contextLoads], class annotated with @DirtiesContext [false] with mode [null], method annotated with @DirtiesContext [false] with mode [null]
2025-01-25T21:31:34.180+01:00 DEBUG 312504 --- [appUser-service] [           main] o.s.t.c.w.ServletTestExecutionListener   : Resetting RequestContextHolder for test class com.fact.user_service.UserServiceApplicationTests
]]></system-out>
  </testcase>
</testsuite>